Listening for transport dt_socket at address: 5678
SLF4J: Class path contains multiple SLF4J bindings.
SLF4J: Found binding in [jar:file:/home/fdse/user/codeWisdom/service/dependence-analysis/depend-service-0.0.1-SNAPSHOT.jar!/BOOT-INF/lib/logback-classic-1.2.3.jar!/org/slf4j/impl/StaticLoggerBinder.class]
SLF4J: Found binding in [jar:file:/home/fdse/user/codeWisdom/service/dependence-analysis/depend-service-0.0.1-SNAPSHOT.jar!/BOOT-INF/lib/log4j-slf4j-impl-2.10.0.jar!/org/slf4j/impl/StaticLoggerBinder.class]
SLF4J: See http://www.slf4j.org/codes.html#multiple_bindings for an explanation.
SLF4J: Actual binding is of type [ch.qos.logback.classic.util.ContextSelectorStaticBinder]

  .   ____          _            __ _ _
 /\\ / ___'_ __ _ _(_)_ __  __ _ \ \ \ \
( ( )\___ | '_ | '_| | '_ \/ _` | \ \ \ \
 \\/  ___)| |_)| | | | | || (_| |  ) ) ) )
  '  |____| .__|_| |_|_| |_\__, | / / / /
 =========|_|==============|___/=/_/_/_/
 :: Spring Boot ::        (v2.0.3.RELEASE)

2021-03-24 11:14:17.974  INFO 161544 --- [           main] c.e.f.d.DependServiceApplication         : Starting DependServiceApplication v0.0.1-SNAPSHOT on dn3 with PID 161544 (/home/fdse/user/codeWisdom/service/dependence-analysis/depend-service-0.0.1-SNAPSHOT.jar started by fdse in /home/fdse/user/codeWisdom/service/dependence-analysis)
2021-03-24 11:14:17.983  INFO 161544 --- [           main] c.e.f.d.DependServiceApplication         : No active profile set, falling back to default profiles: default
2021-03-24 11:14:18.362  INFO 161544 --- [           main] ConfigServletWebServerApplicationContext : Refreshing org.springframework.boot.web.servlet.context.AnnotationConfigServletWebServerApplicationContext@7fc229ab: startup date [Wed Mar 24 11:14:18 CST 2021]; root of context hierarchy
2021-03-24 11:14:22.651  INFO 161544 --- [           main] .s.d.r.c.RepositoryConfigurationDelegate : Multiple Spring Data modules found, entering strict repository configuration mode!
2021-03-24 11:14:23.786  INFO 161544 --- [           main] trationDelegate$BeanPostProcessorChecker : Bean 'org.springframework.transaction.annotation.ProxyTransactionManagementConfiguration' of type [org.springframework.transaction.annotation.ProxyTransactionManagementConfiguration$$EnhancerBySpringCGLIB$$334f5a9b] is not eligible for getting processed by all BeanPostProcessors (for example: not eligible for auto-proxying)
2021-03-24 11:14:24.739  INFO 161544 --- [           main] o.s.b.w.embedded.tomcat.TomcatWebServer  : Tomcat initialized with port(s): 8999 (http)
2021-03-24 11:14:25.051  INFO 161544 --- [           main] o.apache.catalina.core.StandardService   : Starting service [Tomcat]
2021-03-24 11:14:25.052  INFO 161544 --- [           main] org.apache.catalina.core.StandardEngine  : Starting Servlet Engine: Apache Tomcat/8.5.31
2021-03-24 11:14:25.082  INFO 161544 --- [ost-startStop-1] o.a.catalina.core.AprLifecycleListener   : The APR based Apache Tomcat Native library which allows optimal performance in production environments was not found on the java.library.path: [/usr/java/packages/lib/amd64:/usr/lib64:/lib64:/lib:/usr/lib]
2021-03-24 11:14:25.325  INFO 161544 --- [ost-startStop-1] o.a.c.c.C.[Tomcat].[localhost].[/]       : Initializing Spring embedded WebApplicationContext
2021-03-24 11:14:25.325  INFO 161544 --- [ost-startStop-1] o.s.web.context.ContextLoader            : Root WebApplicationContext: initialization completed in 6969 ms
2021-03-24 11:14:25.782  INFO 161544 --- [ost-startStop-1] o.s.b.w.servlet.ServletRegistrationBean  : Servlet dispatcherServlet mapped to [/]
2021-03-24 11:14:25.786  INFO 161544 --- [ost-startStop-1] o.s.b.w.servlet.ServletRegistrationBean  : Servlet statViewServlet mapped to [/druid/*]
2021-03-24 11:14:25.796  INFO 161544 --- [ost-startStop-1] o.s.b.w.servlet.FilterRegistrationBean   : Mapping filter: 'characterEncodingFilter' to: [/*]
2021-03-24 11:14:25.797  INFO 161544 --- [ost-startStop-1] o.s.b.w.servlet.FilterRegistrationBean   : Mapping filter: 'hiddenHttpMethodFilter' to: [/*]
2021-03-24 11:14:25.797  INFO 161544 --- [ost-startStop-1] o.s.b.w.servlet.FilterRegistrationBean   : Mapping filter: 'httpPutFormContentFilter' to: [/*]
2021-03-24 11:14:25.797  INFO 161544 --- [ost-startStop-1] o.s.b.w.servlet.FilterRegistrationBean   : Mapping filter: 'requestContextFilter' to: [/*]
2021-03-24 11:14:25.798  INFO 161544 --- [ost-startStop-1] o.s.b.w.servlet.FilterRegistrationBean   : Mapping filter: 'webStatFilter' to urls: [/*]
2021-03-24 11:14:26.040  INFO 161544 --- [           main] o.s.j.d.DriverManagerDataSource          : Loaded JDBC driver: com.mysql.jdbc.Driver
2021-03-24 11:14:26.058  INFO 161544 --- [           main] o.s.j.d.DriverManagerDataSource          : Loaded JDBC driver: com.mysql.jdbc.Driver
2021-03-24 11:14:26.707  INFO 161544 --- [           main] o.s.j.d.DriverManagerDataSource          : Loaded JDBC driver: com.mysql.jdbc.Driver
2021-03-24 11:14:26.710  INFO 161544 --- [           main] o.s.j.d.DriverManagerDataSource          : Loaded JDBC driver: com.mysql.jdbc.Driver
2021-03-24 11:14:29.668  INFO 161544 --- [           main] s.w.s.m.m.a.RequestMappingHandlerMapping : Mapped "{[/putDepend],methods=[GET]}" onto public java.lang.String cn.edu.fudan.dependservice.controller.PutDependController.put2Database(java.lang.String)
2021-03-24 11:14:29.671  INFO 161544 --- [           main] s.w.s.m.m.a.RequestMappingHandlerMapping : Mapped "{[/scanAll],methods=[GET]}" onto public java.lang.String cn.edu.fudan.dependservice.controller.PutDependController.scanAll()
2021-03-24 11:14:29.694  INFO 161544 --- [           main] s.w.s.m.m.a.RequestMappingHandlerMapping : Mapped "{[/dependency],methods=[GET]}" onto public cn.edu.fudan.dependservice.domain.ResponseBean<java.util.List<cn.edu.fudan.dependservice.domain.DependencyInfo>> cn.edu.fudan.dependservice.controller.RequestController.getCcnMethodNum(java.lang.String,java.lang.String,java.lang.String,java.lang.String,java.lang.String)
2021-03-24 11:14:29.695  INFO 161544 --- [           main] s.w.s.m.m.a.RequestMappingHandlerMapping : Mapped "{[/test],methods=[GET]}" onto public java.lang.String cn.edu.fudan.dependservice.controller.Test.put2Database()
2021-03-24 11:14:29.703  INFO 161544 --- [           main] s.w.s.m.m.a.RequestMappingHandlerMapping : Mapped "{[/swagger-resources/configuration/ui]}" onto public org.springframework.http.ResponseEntity<springfox.documentation.swagger.web.UiConfiguration> springfox.documentation.swagger.web.ApiResourceController.uiConfiguration()
2021-03-24 11:14:29.705  INFO 161544 --- [           main] s.w.s.m.m.a.RequestMappingHandlerMapping : Mapped "{[/swagger-resources/configuration/security]}" onto public org.springframework.http.ResponseEntity<springfox.documentation.swagger.web.SecurityConfiguration> springfox.documentation.swagger.web.ApiResourceController.securityConfiguration()
2021-03-24 11:14:29.707  INFO 161544 --- [           main] s.w.s.m.m.a.RequestMappingHandlerMapping : Mapped "{[/swagger-resources]}" onto public org.springframework.http.ResponseEntity<java.util.List<springfox.documentation.swagger.web.SwaggerResource>> springfox.documentation.swagger.web.ApiResourceController.swaggerResources()
2021-03-24 11:14:29.719  INFO 161544 --- [           main] s.w.s.m.m.a.RequestMappingHandlerMapping : Mapped "{[/error],produces=[text/html]}" onto public org.springframework.web.servlet.ModelAndView org.springframework.boot.autoconfigure.web.servlet.error.BasicErrorController.errorHtml(javax.servlet.http.HttpServletRequest,javax.servlet.http.HttpServletResponse)
2021-03-24 11:14:29.721  INFO 161544 --- [           main] s.w.s.m.m.a.RequestMappingHandlerMapping : Mapped "{[/error]}" onto public org.springframework.http.ResponseEntity<java.util.Map<java.lang.String, java.lang.Object>> org.springframework.boot.autoconfigure.web.servlet.error.BasicErrorController.error(javax.servlet.http.HttpServletRequest)
2021-03-24 11:14:30.241  INFO 161544 --- [           main] pertySourcedRequestMappingHandlerMapping : Mapped URL path [/v2/api-docs] onto method [public org.springframework.http.ResponseEntity<springfox.documentation.spring.web.json.Json> springfox.documentation.swagger2.web.Swagger2Controller.getDocumentation(java.lang.String,javax.servlet.http.HttpServletRequest)]
2021-03-24 11:14:30.642  INFO 161544 --- [           main] o.s.w.s.handler.SimpleUrlHandlerMapping  : Mapped URL path [/**/favicon.ico] onto handler of type [class org.springframework.web.servlet.resource.ResourceHttpRequestHandler]
2021-03-24 11:14:30.905  INFO 161544 --- [           main] s.w.s.m.m.a.RequestMappingHandlerAdapter : Looking for @ControllerAdvice: org.springframework.boot.web.servlet.context.AnnotationConfigServletWebServerApplicationContext@7fc229ab: startup date [Wed Mar 24 11:14:18 CST 2021]; root of context hierarchy
2021-03-24 11:14:31.288  INFO 161544 --- [           main] o.s.w.s.handler.SimpleUrlHandlerMapping  : Mapped URL path [/webjars/**] onto handler of type [class org.springframework.web.servlet.resource.ResourceHttpRequestHandler]
2021-03-24 11:14:31.288  INFO 161544 --- [           main] o.s.w.s.handler.SimpleUrlHandlerMapping  : Mapped URL path [/**] onto handler of type [class org.springframework.web.servlet.resource.ResourceHttpRequestHandler]
2021-03-24 11:14:33.347  INFO 161544 --- [           main] o.s.j.e.a.AnnotationMBeanExporter        : Registering beans for JMX exposure on startup
2021-03-24 11:14:33.352  INFO 161544 --- [           main] o.s.j.e.a.AnnotationMBeanExporter        : Bean with name 'statFilter' has been autodetected for JMX exposure
2021-03-24 11:14:33.364  INFO 161544 --- [           main] o.s.j.e.a.AnnotationMBeanExporter        : Located MBean 'statFilter': registering with JMX server as MBean [com.alibaba.druid.filter.stat:name=statFilter,type=StatFilter]
2021-03-24 11:14:33.375  INFO 161544 --- [           main] o.s.c.support.DefaultLifecycleProcessor  : Starting beans in phase 2147483647
2021-03-24 11:14:33.376  INFO 161544 --- [           main] d.s.w.p.DocumentationPluginsBootstrapper : Context refreshed
2021-03-24 11:14:33.431  INFO 161544 --- [           main] d.s.w.p.DocumentationPluginsBootstrapper : Found 1 custom documentation plugin(s)
2021-03-24 11:14:33.502  INFO 161544 --- [           main] s.d.s.w.s.ApiListingReferenceScanner     : Scanning for api listing references
2021-03-24 11:14:33.899  INFO 161544 --- [           main] o.s.b.w.embedded.tomcat.TomcatWebServer  : Tomcat started on port(s): 8999 (http) with context path ''
2021-03-24 11:14:33.910  INFO 161544 --- [           main] c.e.f.d.DependServiceApplication         : Started DependServiceApplication in 16.886 seconds (JVM running for 18.273)
2021-03-24 11:14:49.060  INFO 161544 --- [nio-8999-exec-1] o.a.c.c.C.[Tomcat].[localhost].[/]       : Initializing Spring FrameworkServlet 'dispatcherServlet'
2021-03-24 11:14:49.060  INFO 161544 --- [nio-8999-exec-1] o.s.web.servlet.DispatcherServlet        : FrameworkServlet 'dispatcherServlet': initialization started
2021-03-24 11:14:49.097  INFO 161544 --- [nio-8999-exec-1] o.s.web.servlet.DispatcherServlet        : FrameworkServlet 'dispatcherServlet': initialization completed in 37 ms
2021-03-24 11:14:49.775  INFO 161544 --- [nio-8999-exec-1] c.e.f.dependservice.dao.StatisticsDao    : cn.edu.fudan.dependservice.domain.RepoUuidsInfo@25a0480e
2021-03-24 11:14:49.775  INFO 161544 --- [nio-8999-exec-1] c.e.f.dependservice.dao.StatisticsDao    : cn.edu.fudan.dependservice.domain.RepoUuidsInfo@1a9d708a
2021-03-24 11:14:49.798  INFO 161544 --- [nio-8999-exec-1] c.e.f.dependservice.dao.StatisticsDao    : cn.edu.fudan.dependservice.domain.RepoUuidsInfo@7e4022e9
2021-03-24 11:14:49.798  INFO 161544 --- [nio-8999-exec-1] c.e.f.dependservice.dao.StatisticsDao    : cn.edu.fudan.dependservice.domain.RepoUuidsInfo@1d005805
2021-03-24 11:14:49.798  INFO 161544 --- [nio-8999-exec-1] c.e.f.dependservice.dao.StatisticsDao    : cn.edu.fudan.dependservice.domain.RepoUuidsInfo@19a93256
2021-03-24 11:14:49.798  INFO 161544 --- [nio-8999-exec-1] c.e.f.dependservice.dao.StatisticsDao    : cn.edu.fudan.dependservice.domain.RepoUuidsInfo@3e09aa24
2021-03-24 11:14:49.798  INFO 161544 --- [nio-8999-exec-1] c.e.f.dependservice.dao.StatisticsDao    : cn.edu.fudan.dependservice.domain.RepoUuidsInfo@41a18066
2021-03-24 11:14:49.819  INFO 161544 --- [nio-8999-exec-1] c.e.f.dependservice.dao.StatisticsDao    : cn.edu.fudan.dependservice.domain.RepoUuidsInfo@4ad71d31
2021-03-24 11:14:49.842  INFO 161544 --- [nio-8999-exec-1] c.e.f.dependservice.dao.StatisticsDao    : cn.edu.fudan.dependservice.domain.RepoUuidsInfo@79a22c99
2021-03-24 11:14:49.842  INFO 161544 --- [nio-8999-exec-1] c.e.f.dependservice.dao.StatisticsDao    : cn.edu.fudan.dependservice.domain.RepoUuidsInfo@6006f0c6
2021-03-24 11:14:49.842  INFO 161544 --- [nio-8999-exec-1] c.e.f.dependservice.dao.StatisticsDao    : cn.edu.fudan.dependservice.domain.RepoUuidsInfo@30bb5499
2021-03-24 11:14:49.842  INFO 161544 --- [nio-8999-exec-1] c.e.f.dependservice.dao.StatisticsDao    : cn.edu.fudan.dependservice.domain.RepoUuidsInfo@7c774bbb
2021-03-24 11:14:49.842  INFO 161544 --- [nio-8999-exec-1] c.e.f.dependservice.dao.StatisticsDao    : cn.edu.fudan.dependservice.domain.RepoUuidsInfo@14d96648
2021-03-24 11:14:49.842  INFO 161544 --- [nio-8999-exec-1] c.e.f.dependservice.dao.StatisticsDao    : cn.edu.fudan.dependservice.domain.RepoUuidsInfo@430e24d5
2021-03-24 11:14:49.843  INFO 161544 --- [nio-8999-exec-1] c.e.f.dependservice.dao.StatisticsDao    : cn.edu.fudan.dependservice.domain.RepoUuidsInfo@29fbafb1
2021-03-24 11:14:49.862  INFO 161544 --- [nio-8999-exec-1] c.e.f.dependservice.dao.StatisticsDao    : cn.edu.fudan.dependservice.domain.RepoUuidsInfo@64c9f7b7
2021-03-24 11:14:49.862  INFO 161544 --- [nio-8999-exec-1] c.e.f.dependservice.dao.StatisticsDao    : cn.edu.fudan.dependservice.domain.RepoUuidsInfo@7c92565b
2021-03-24 11:14:49.878  INFO 161544 --- [nio-8999-exec-1] c.e.f.dependservice.dao.StatisticsDao    : cn.edu.fudan.dependservice.domain.RepoUuidsInfo@9127df3
2021-03-24 11:14:49.879  INFO 161544 --- [nio-8999-exec-1] c.e.f.dependservice.dao.StatisticsDao    : cn.edu.fudan.dependservice.domain.RepoUuidsInfo@13717546
2021-03-24 11:14:49.894  INFO 161544 --- [nio-8999-exec-1] c.e.f.dependservice.dao.StatisticsDao    : cn.edu.fudan.dependservice.domain.RepoUuidsInfo@85b18f2
2021-03-24 11:14:49.911  INFO 161544 --- [nio-8999-exec-1] c.e.f.dependservice.dao.StatisticsDao    : cn.edu.fudan.dependservice.domain.RepoUuidsInfo@7e697a8
2021-03-24 11:14:49.911  INFO 161544 --- [nio-8999-exec-1] c.e.f.dependservice.dao.StatisticsDao    : cn.edu.fudan.dependservice.domain.RepoUuidsInfo@5384299
2021-03-24 11:14:49.911  INFO 161544 --- [nio-8999-exec-1] c.e.f.dependservice.dao.StatisticsDao    : getallRepoUuid.size:22
2021-03-24 11:14:49.911  INFO 161544 --- [nio-8999-exec-1] c.e.f.d.service.impl.TestServiceImpl     : need scan size:15
2021-03-24 11:14:51.463  INFO 161544 --- [33-ToolScanImpl] c.e.f.c.component.BaseRepoRestManager    : {"content":"/home/fdse/codeWisdom/repository/repo/gitlab/jie/IssueTracker-Master-project-refactor_duplicate_fdse-3","status":"Successful"}
2021-03-24 11:14:54.224  INFO 161544 --- [33-ToolScanImpl] c.e.fudan.common.scan.CommonScanProcess  : toScanCommit:7ed91f1565c19141eba5d81a50b593659feab2b0
2021-03-24 11:14:54.225  INFO 161544 --- [33-ToolScanImpl] c.e.f.d.service.impl.ToolScanImpl        : configFile :/home/fdse/codeWisdom/service/dependence-analysis/deHome0303/source-project-conf.json
2021-03-24 11:14:54.369  INFO 161544 --- [33-ToolScanImpl] c.e.f.d.service.impl.ToolScanImpl        : sh start time:2021-03-24 11:14:54
2021-03-24 11:14:54.369  INFO 161544 --- [       Thread-6] c.e.f.d.service.impl.ShThread            : command -> sh /home/fdse/codeWisdom/service/dependence-analysis/tdepend.sh
2021-03-24 11:14:54.369  INFO 161544 --- [33-ToolScanImpl] c.e.f.d.service.impl.ToolScanImpl        : wait for sh result
2021-03-24 11:15:49.628  INFO 161544 --- [       Thread-6] c.e.f.d.service.impl.ShThread            : end of sh
2021-03-24 11:16:57.395  INFO 161544 --- [33-ToolScanImpl] c.e.f.d.service.impl.ToolScanImpl        : The total cost of waiting for the sh results -> 123 second
2021-03-24 11:16:58.350  INFO 161544 --- [       Thread-7] c.e.f.d.service.impl.ShThread2           : command2 -> sh /home/fdse/codeWisdom/service/dependence-analysis/tdepend2.sh
2021-03-24 11:16:58.383  INFO 161544 --- [33-ToolScanImpl] c.e.f.d.service.impl.ToolScanImpl        : sh2 end 
2021-03-24 11:16:59.009  INFO 161544 --- [33-ToolScanImpl] c.e.f.c.component.BaseRepoRestManager    : {"content":"/home/fdse/codeWisdom/repository/repo/gitlab/heyue1214/IssueTracker-Master-zhonghui20191012_duplicate_fdse-18","status":"Successful"}
2021-03-24 11:16:59.181  INFO 161544 --- [33-ToolScanImpl] c.e.fudan.common.scan.CommonScanProcess  : toScanCommit:0b76f0a999bdb05666f305bacd16d86bbb7e496c
2021-03-24 11:16:59.181  INFO 161544 --- [33-ToolScanImpl] c.e.f.d.service.impl.ToolScanImpl        : configFile :/home/fdse/codeWisdom/service/dependence-analysis/deHome0303/source-project-conf.json
2021-03-24 11:16:59.251  INFO 161544 --- [33-ToolScanImpl] c.e.f.d.service.impl.ToolScanImpl        : sh start time:2021-03-24 11:16:59
2021-03-24 11:16:59.251  INFO 161544 --- [33-ToolScanImpl] c.e.f.d.service.impl.ToolScanImpl        : wait for sh result
2021-03-24 11:16:59.252  INFO 161544 --- [       Thread-8] c.e.f.d.service.impl.ShThread            : command -> sh /home/fdse/codeWisdom/service/dependence-analysis/tdepend.sh
2021-03-24 11:21:59.253 ERROR 161544 --- [       Thread-8] c.e.f.d.service.impl.ShThread            : invoke tool timeout ! (300s)
2021-03-24 11:27:02.332 ERROR 161544 --- [33-ToolScanImpl] c.e.f.d.service.impl.ToolScanImpl        : wait for sh result time too long
2021-03-24 11:27:02.660  INFO 161544 --- [cd-ToolScanImpl] c.e.f.c.component.BaseRepoRestManager    : {"content":"/home/fdse/codeWisdom/repository/repo/gitlab/platform/issue-bug-bugtest_duplicate_fdse-4","status":"Successful"}
2021-03-24 11:27:02.730  INFO 161544 --- [cd-ToolScanImpl] c.e.fudan.common.scan.CommonScanProcess  : toScanCommit:765ada0b89d1d3160c027ac3d2e347c86a341ff4
2021-03-24 11:27:02.731  INFO 161544 --- [cd-ToolScanImpl] c.e.f.d.service.impl.ToolScanImpl        : configFile :/home/fdse/codeWisdom/service/dependence-analysis/deHome0303/source-project-conf.json
2021-03-24 11:27:02.763  INFO 161544 --- [cd-ToolScanImpl] c.e.f.d.service.impl.ToolScanImpl        : sh start time:2021-03-24 11:27:02
2021-03-24 11:27:02.763  INFO 161544 --- [       Thread-9] c.e.f.d.service.impl.ShThread            : command -> sh /home/fdse/codeWisdom/service/dependence-analysis/tdepend.sh
2021-03-24 11:27:02.763  INFO 161544 --- [cd-ToolScanImpl] c.e.f.d.service.impl.ToolScanImpl        : wait for sh result
2021-03-24 11:27:27.357  INFO 161544 --- [       Thread-9] c.e.f.d.service.impl.ShThread            : end of sh
2021-03-24 11:37:05.834 ERROR 161544 --- [cd-ToolScanImpl] c.e.f.d.service.impl.ToolScanImpl        : wait for sh result time too long
2021-03-24 11:37:05.939  INFO 161544 --- [fb-ToolScanImpl] c.e.f.c.component.BaseRepoRestManager    : {"content":"This repository has no free working space.Please try again later!","status":"Failed"}
2021-03-24 11:37:05.939 ERROR 161544 --- [fb-ToolScanImpl] c.e.f.c.component.BaseRepoRestManager    : This repository has no free working space.Please try again later!
2021-03-24 11:37:05.939 ERROR 161544 --- [fb-ToolScanImpl] c.e.fudan.common.scan.CommonScanProcess  : 3b1f56e8-69c9-11eb-b829-432f1e48d2fb : can't get repoPath
2021-03-24 11:37:06.274  INFO 161544 --- [60-ToolScanImpl] c.e.f.c.component.BaseRepoRestManager    : {"content":"/home/fdse/codeWisdom/repository/repo/github/CodepediaOrg/demo-rest-jersey-spring-master_duplicate_fdse-2","status":"Successful"}
2021-03-24 11:37:06.350  INFO 161544 --- [60-ToolScanImpl] c.e.fudan.common.scan.CommonScanProcess  : toScanCommit:a46ab55dbb6ecd5e97cdc253036b068d02e5573b
2021-03-24 11:37:06.351  INFO 161544 --- [60-ToolScanImpl] c.e.f.d.service.impl.ToolScanImpl        : configFile :/home/fdse/codeWisdom/service/dependence-analysis/deHome0303/source-project-conf.json
2021-03-24 11:37:06.412  INFO 161544 --- [60-ToolScanImpl] c.e.f.d.service.impl.ToolScanImpl        : sh start time:2021-03-24 11:37:06
2021-03-24 11:37:06.411  INFO 161544 --- [      Thread-10] c.e.f.d.service.impl.ShThread            : command -> sh /home/fdse/codeWisdom/service/dependence-analysis/tdepend.sh
2021-03-24 11:37:06.412  INFO 161544 --- [60-ToolScanImpl] c.e.f.d.service.impl.ToolScanImpl        : wait for sh result
2021-03-24 11:37:40.649  INFO 161544 --- [      Thread-10] c.e.f.d.service.impl.ShThread            : end of sh
2021-03-24 11:47:09.482 ERROR 161544 --- [60-ToolScanImpl] c.e.f.d.service.impl.ToolScanImpl        : wait for sh result time too long
2021-03-24 11:47:13.402  INFO 161544 --- [33-ToolScanImpl] c.e.f.c.component.BaseRepoRestManager    : {"content":"/home/fdse/codeWisdom/repository/repo/github/dashpay/dash-master_duplicate_fdse-1","status":"Successful"}
2021-03-24 11:47:14.944  INFO 161544 --- [33-ToolScanImpl] c.e.fudan.common.scan.CommonScanProcess  : toScanCommit:43d2973a0e89ac9435142d6379e664c0ec20b2a2
2021-03-24 11:47:14.944  INFO 161544 --- [33-ToolScanImpl] c.e.f.d.service.impl.ToolScanImpl        : configFile :/home/fdse/codeWisdom/service/dependence-analysis/deHome0303/source-project-conf.json
2021-03-24 11:47:15.311  INFO 161544 --- [33-ToolScanImpl] c.e.f.d.service.impl.ToolScanImpl        : sh start time:2021-03-24 11:47:15
2021-03-24 11:47:15.311  INFO 161544 --- [      Thread-11] c.e.f.d.service.impl.ShThread            : command -> sh /home/fdse/codeWisdom/service/dependence-analysis/tdepend.sh
2021-03-24 11:47:15.311  INFO 161544 --- [33-ToolScanImpl] c.e.f.d.service.impl.ToolScanImpl        : wait for sh result
2021-03-24 11:47:49.026  INFO 161544 --- [      Thread-11] c.e.f.d.service.impl.ShThread            : end of sh
2021-03-24 11:48:30.322  INFO 161544 --- [33-ToolScanImpl] c.e.f.d.service.impl.ToolScanImpl        : The total cost of waiting for the sh results -> 75 second
2021-03-24 11:48:30.358  INFO 161544 --- [      Thread-12] c.e.f.d.service.impl.ShThread2           : command2 -> sh /home/fdse/codeWisdom/service/dependence-analysis/tdepend2.sh
2021-03-24 11:48:30.364  INFO 161544 --- [33-ToolScanImpl] c.e.f.d.service.impl.ToolScanImpl        : sh2 end 
2021-03-24 11:48:33.385  INFO 161544 --- [33-ToolScanImpl] c.e.f.c.component.BaseRepoRestManager    : {"content":"/home/fdse/codeWisdom/repository/repo/github/ethereum/go-ethereum-master_duplicate_fdse-9","status":"Successful"}
2021-03-24 11:48:34.019  INFO 161544 --- [33-ToolScanImpl] c.e.fudan.common.scan.CommonScanProcess  : toScanCommit:aae7660410f0ef90279e14afaaf2f429fdc2a186
2021-03-24 11:48:34.019  INFO 161544 --- [33-ToolScanImpl] c.e.f.d.service.impl.ToolScanImpl        : configFile :/home/fdse/codeWisdom/service/dependence-analysis/deHome0303/source-project-conf.json
2021-03-24 11:48:34.176  INFO 161544 --- [33-ToolScanImpl] c.e.f.d.service.impl.ToolScanImpl        : sh start time:2021-03-24 11:48:34
2021-03-24 11:48:34.177  INFO 161544 --- [33-ToolScanImpl] c.e.f.d.service.impl.ToolScanImpl        : wait for sh result
2021-03-24 11:48:34.176  INFO 161544 --- [      Thread-13] c.e.f.d.service.impl.ShThread            : command -> sh /home/fdse/codeWisdom/service/dependence-analysis/tdepend.sh
2021-03-24 11:49:07.510  INFO 161544 --- [      Thread-13] c.e.f.d.service.impl.ShThread            : end of sh
2021-03-24 11:58:37.247 ERROR 161544 --- [33-ToolScanImpl] c.e.f.d.service.impl.ToolScanImpl        : wait for sh result time too long
2021-03-24 11:58:39.195  INFO 161544 --- [33-ToolScanImpl] c.e.f.c.component.BaseRepoRestManager    : {"content":"/home/fdse/codeWisdom/repository/repo/github/peercoin/peercoin-master_duplicate_fdse-5","status":"Successful"}
2021-03-24 11:58:39.926  INFO 161544 --- [33-ToolScanImpl] c.e.fudan.common.scan.CommonScanProcess  : toScanCommit:1cbefe44d1d19411c57c4428fcef4961201e1a15
2021-03-24 11:58:39.927  INFO 161544 --- [33-ToolScanImpl] c.e.f.d.service.impl.ToolScanImpl        : configFile :/home/fdse/codeWisdom/service/dependence-analysis/deHome0303/source-project-conf.json
2021-03-24 11:58:40.041  INFO 161544 --- [33-ToolScanImpl] c.e.f.d.service.impl.ToolScanImpl        : sh start time:2021-03-24 11:58:40
2021-03-24 11:58:40.041  INFO 161544 --- [      Thread-14] c.e.f.d.service.impl.ShThread            : command -> sh /home/fdse/codeWisdom/service/dependence-analysis/tdepend.sh
2021-03-24 11:58:40.041  INFO 161544 --- [33-ToolScanImpl] c.e.f.d.service.impl.ToolScanImpl        : wait for sh result
2021-03-24 11:59:13.814  INFO 161544 --- [      Thread-14] c.e.f.d.service.impl.ShThread            : end of sh
2021-03-24 11:59:52.051  INFO 161544 --- [33-ToolScanImpl] c.e.f.d.service.impl.ToolScanImpl        : The total cost of waiting for the sh results -> 72 second
2021-03-24 11:59:52.075  INFO 161544 --- [      Thread-15] c.e.f.d.service.impl.ShThread2           : command2 -> sh /home/fdse/codeWisdom/service/dependence-analysis/tdepend2.sh
2021-03-24 11:59:52.081  INFO 161544 --- [33-ToolScanImpl] c.e.f.d.service.impl.ToolScanImpl        : sh2 end 
2021-03-24 12:00:01.244  INFO 161544 --- [83-ToolScanImpl] c.e.f.c.component.BaseRepoRestManager    : {"content":"/home/fdse/codeWisdom/repository/repo/github/keycloak/keycloak-master_duplicate_fdse-3","status":"Successful"}
2021-03-24 12:00:03.197  INFO 161544 --- [83-ToolScanImpl] c.e.fudan.common.scan.CommonScanProcess  : toScanCommit:1d54dd5e8befc2117a8b641ddd223a45b90b6794
2021-03-24 12:00:03.197  INFO 161544 --- [83-ToolScanImpl] c.e.f.d.service.impl.ToolScanImpl        : configFile :/home/fdse/codeWisdom/service/dependence-analysis/deHome0303/source-project-conf.json
2021-03-24 12:00:04.530  INFO 161544 --- [83-ToolScanImpl] c.e.f.d.service.impl.ToolScanImpl        : sh start time:2021-03-24 12:00:04
2021-03-24 12:00:04.530  INFO 161544 --- [      Thread-16] c.e.f.d.service.impl.ShThread            : command -> sh /home/fdse/codeWisdom/service/dependence-analysis/tdepend.sh
2021-03-24 12:00:04.530  INFO 161544 --- [83-ToolScanImpl] c.e.f.d.service.impl.ToolScanImpl        : wait for sh result
2021-03-24 12:04:34.942  INFO 161544 --- [      Thread-16] c.e.f.d.service.impl.ShThread            : end of sh
2021-03-24 12:10:07.618 ERROR 161544 --- [83-ToolScanImpl] c.e.f.d.service.impl.ToolScanImpl        : wait for sh result time too long
2021-03-24 12:10:09.376  INFO 161544 --- [33-ToolScanImpl] c.e.f.c.component.BaseRepoRestManager    : {"content":"/home/fdse/codeWisdom/repository/repo/github/srcrs/BilibiliTask-main_duplicate_fdse-3","status":"Successful"}
2021-03-24 12:10:09.644  INFO 161544 --- [33-ToolScanImpl] c.e.fudan.common.scan.CommonScanProcess  : toScanCommit:74b513c770fd54d7e64b75a64c1a28e1407bfe9e
2021-03-24 12:10:09.644  INFO 161544 --- [33-ToolScanImpl] c.e.f.d.service.impl.ToolScanImpl        : configFile :/home/fdse/codeWisdom/service/dependence-analysis/deHome0303/source-project-conf.json
2021-03-24 12:10:09.842  INFO 161544 --- [33-ToolScanImpl] c.e.f.d.service.impl.ToolScanImpl        : sh start time:2021-03-24 12:10:09
2021-03-24 12:10:09.842  INFO 161544 --- [      Thread-17] c.e.f.d.service.impl.ShThread            : command -> sh /home/fdse/codeWisdom/service/dependence-analysis/tdepend.sh
2021-03-24 12:10:09.843  INFO 161544 --- [33-ToolScanImpl] c.e.f.d.service.impl.ToolScanImpl        : wait for sh result
2021-03-24 12:10:44.650  INFO 161544 --- [      Thread-17] c.e.f.d.service.impl.ShThread            : end of sh
2021-03-24 12:20:12.913 ERROR 161544 --- [33-ToolScanImpl] c.e.f.d.service.impl.ToolScanImpl        : wait for sh result time too long
2021-03-24 12:20:15.312  INFO 161544 --- [05-ToolScanImpl] c.e.f.c.component.BaseRepoRestManager    : {"content":"/home/fdse/codeWisdom/repository/repo/gitlab/platform/IssueTracker-Master-dev_duplicate_fdse-11","status":"Successful"}
2021-03-24 12:20:15.827  INFO 161544 --- [05-ToolScanImpl] c.e.fudan.common.scan.CommonScanProcess  : toScanCommit:3df3fbe054b4af45b1ea46282aec5109bd98e3b8
2021-03-24 12:20:15.828  INFO 161544 --- [05-ToolScanImpl] c.e.f.d.service.impl.ToolScanImpl        : configFile :/home/fdse/codeWisdom/service/dependence-analysis/deHome0303/source-project-conf.json
2021-03-24 12:20:16.179  INFO 161544 --- [05-ToolScanImpl] c.e.f.d.service.impl.ToolScanImpl        : sh start time:2021-03-24 12:20:16
2021-03-24 12:20:16.178  INFO 161544 --- [      Thread-18] c.e.f.d.service.impl.ShThread            : command -> sh /home/fdse/codeWisdom/service/dependence-analysis/tdepend.sh
2021-03-24 12:20:16.179  INFO 161544 --- [05-ToolScanImpl] c.e.f.d.service.impl.ToolScanImpl        : wait for sh result
2021-03-24 12:21:08.396  INFO 161544 --- [      Thread-18] c.e.f.d.service.impl.ShThread            : end of sh
2021-03-24 12:22:19.195  INFO 161544 --- [05-ToolScanImpl] c.e.f.d.service.impl.ToolScanImpl        : The total cost of waiting for the sh results -> 123 second
2021-03-24 12:22:19.200  INFO 161544 --- [05-ToolScanImpl] c.e.f.d.service.impl.ReadUtill           : Exception:Could not open the specified zip entry source stream
2021-03-24 12:22:19.201  INFO 161544 --- [      Thread-19] c.e.f.d.service.impl.ShThread2           : command2 -> sh /home/fdse/codeWisdom/service/dependence-analysis/tdepend2.sh
2021-03-24 12:22:19.207  INFO 161544 --- [05-ToolScanImpl] c.e.f.d.service.impl.ToolScanImpl        : sh2 end 
2021-03-24 12:22:21.185  INFO 161544 --- [00-ToolScanImpl] c.e.f.c.component.BaseRepoRestManager    : {"content":"/home/fdse/codeWisdom/repository/repo/gitlab/platform/codeTracker-dev_duplicate_fdse-2","status":"Successful"}
2021-03-24 12:22:21.253  INFO 161544 --- [00-ToolScanImpl] c.e.fudan.common.scan.CommonScanProcess  : toScanCommit:6cb8e60763bbb6bf3184ef47569680e84e15568e
2021-03-24 12:22:21.253  INFO 161544 --- [00-ToolScanImpl] c.e.f.d.service.impl.ToolScanImpl        : configFile :/home/fdse/codeWisdom/service/dependence-analysis/deHome0303/source-project-conf.json
2021-03-24 12:22:21.298  INFO 161544 --- [00-ToolScanImpl] c.e.f.d.service.impl.ToolScanImpl        : sh start time:2021-03-24 12:22:21
2021-03-24 12:22:21.298  INFO 161544 --- [      Thread-20] c.e.f.d.service.impl.ShThread            : command -> sh /home/fdse/codeWisdom/service/dependence-analysis/tdepend.sh
2021-03-24 12:22:21.298  INFO 161544 --- [00-ToolScanImpl] c.e.f.d.service.impl.ToolScanImpl        : wait for sh result
2021-03-24 12:23:04.053  INFO 161544 --- [      Thread-20] c.e.f.d.service.impl.ShThread            : end of sh
2021-03-24 12:32:24.367 ERROR 161544 --- [00-ToolScanImpl] c.e.f.d.service.impl.ToolScanImpl        : wait for sh result time too long
2021-03-24 12:32:26.346  INFO 161544 --- [33-ToolScanImpl] c.e.f.c.component.BaseRepoRestManager    : {"content":"/home/fdse/codeWisdom/repository/repo/github/metersphere/metersphere-master_duplicate_fdse-11","status":"Successful"}
2021-03-24 12:32:27.284  INFO 161544 --- [33-ToolScanImpl] c.e.fudan.common.scan.CommonScanProcess  : toScanCommit:5870c646537c3d0cfa398a605048132d7aab12d3
2021-03-24 12:32:27.284  INFO 161544 --- [33-ToolScanImpl] c.e.f.d.service.impl.ToolScanImpl        : configFile :/home/fdse/codeWisdom/service/dependence-analysis/deHome0303/source-project-conf.json
2021-03-24 12:32:27.636  INFO 161544 --- [33-ToolScanImpl] c.e.f.d.service.impl.ToolScanImpl        : sh start time:2021-03-24 12:32:27
2021-03-24 12:32:27.636  INFO 161544 --- [      Thread-21] c.e.f.d.service.impl.ShThread            : command -> sh /home/fdse/codeWisdom/service/dependence-analysis/tdepend.sh
2021-03-24 12:32:27.636  INFO 161544 --- [33-ToolScanImpl] c.e.f.d.service.impl.ToolScanImpl        : wait for sh result
2021-03-24 12:33:37.462  INFO 161544 --- [      Thread-21] c.e.f.d.service.impl.ShThread            : end of sh
2021-03-24 12:35:27.660  INFO 161544 --- [33-ToolScanImpl] c.e.f.d.service.impl.ToolScanImpl        : The total cost of waiting for the sh results -> 180 second
2021-03-24 12:35:32.151  INFO 161544 --- [      Thread-22] c.e.f.d.service.impl.ShThread2           : command2 -> sh /home/fdse/codeWisdom/service/dependence-analysis/tdepend2.sh
2021-03-24 12:35:32.159  INFO 161544 --- [33-ToolScanImpl] c.e.f.d.service.impl.ToolScanImpl        : sh2 end 
2021-03-24 12:35:32.613  INFO 161544 --- [05-ToolScanImpl] c.e.f.c.component.BaseRepoRestManager    : {"content":"/home/fdse/codeWisdom/repository/repo/gitlab/Lemon/restfulAPI-dev_duplicate_fdse-3","status":"Successful"}
2021-03-24 12:35:32.685  INFO 161544 --- [05-ToolScanImpl] c.e.fudan.common.scan.CommonScanProcess  : toScanCommit:54ce49293304f7d6f68df8b879377468bf375e1f
2021-03-24 12:35:32.685  INFO 161544 --- [05-ToolScanImpl] c.e.f.d.service.impl.ToolScanImpl        : configFile :/home/fdse/codeWisdom/service/dependence-analysis/deHome0303/source-project-conf.json
2021-03-24 12:35:32.740  INFO 161544 --- [05-ToolScanImpl] c.e.f.d.service.impl.ToolScanImpl        : sh start time:2021-03-24 12:35:32
2021-03-24 12:35:32.740  INFO 161544 --- [      Thread-23] c.e.f.d.service.impl.ShThread            : command -> sh /home/fdse/codeWisdom/service/dependence-analysis/tdepend.sh
2021-03-24 12:35:32.740  INFO 161544 --- [05-ToolScanImpl] c.e.f.d.service.impl.ToolScanImpl        : wait for sh result
2021-03-24 12:36:03.943  INFO 161544 --- [      Thread-23] c.e.f.d.service.impl.ShThread            : end of sh
2021-03-24 12:45:35.815 ERROR 161544 --- [05-ToolScanImpl] c.e.f.d.service.impl.ToolScanImpl        : wait for sh result time too long
2021-03-24 12:45:36.397  INFO 161544 --- [cd-ToolScanImpl] c.e.f.c.component.BaseRepoRestManager    : {"content":"/home/fdse/codeWisdom/repository/repo/github/jfstylejf/foodie-dev-main_duplicate_fdse-3","status":"Successful"}
2021-03-24 12:45:36.591  INFO 161544 --- [cd-ToolScanImpl] c.e.fudan.common.scan.CommonScanProcess  : toScanCommit:25a9dd3232d7fcfaa3f585eaaab71575b3e629e5
2021-03-24 12:45:36.592  INFO 161544 --- [cd-ToolScanImpl] c.e.f.d.service.impl.ToolScanImpl        : configFile :/home/fdse/codeWisdom/service/dependence-analysis/deHome0303/source-project-conf.json
2021-03-24 12:45:36.784  INFO 161544 --- [cd-ToolScanImpl] c.e.f.d.service.impl.ToolScanImpl        : sh start time:2021-03-24 12:45:36
2021-03-24 12:45:36.784  INFO 161544 --- [      Thread-24] c.e.f.d.service.impl.ShThread            : command -> sh /home/fdse/codeWisdom/service/dependence-analysis/tdepend.sh
2021-03-24 12:45:36.784  INFO 161544 --- [cd-ToolScanImpl] c.e.f.d.service.impl.ToolScanImpl        : wait for sh result
2021-03-24 12:46:15.427  INFO 161544 --- [      Thread-24] c.e.f.d.service.impl.ShThread            : end of sh
2021-03-24 12:47:18.798  INFO 161544 --- [cd-ToolScanImpl] c.e.f.d.service.impl.ToolScanImpl        : The total cost of waiting for the sh results -> 102 second
2021-03-24 12:47:18.818  INFO 161544 --- [      Thread-25] c.e.f.d.service.impl.ShThread2           : command2 -> sh /home/fdse/codeWisdom/service/dependence-analysis/tdepend2.sh
2021-03-24 12:47:18.824  INFO 161544 --- [cd-ToolScanImpl] c.e.f.d.service.impl.ToolScanImpl        : sh2 end 
