Listening for transport dt_socket at address: 5678
SLF4J: Class path contains multiple SLF4J bindings.
SLF4J: Found binding in [jar:file:/home/fdse/user/codeWisdom/service/dependence-analysis/depend-service-0.0.1-SNAPSHOT.jar!/BOOT-INF/lib/logback-classic-1.2.3.jar!/org/slf4j/impl/StaticLoggerBinder.class]
SLF4J: Found binding in [jar:file:/home/fdse/user/codeWisdom/service/dependence-analysis/depend-service-0.0.1-SNAPSHOT.jar!/BOOT-INF/lib/log4j-slf4j-impl-2.10.0.jar!/org/slf4j/impl/StaticLoggerBinder.class]
SLF4J: See http://www.slf4j.org/codes.html#multiple_bindings for an explanation.
SLF4J: Actual binding is of type [ch.qos.logback.classic.util.ContextSelectorStaticBinder]

  .   ____          _            __ _ _
 /\\ / ___'_ __ _ _(_)_ __  __ _ \ \ \ \
( ( )\___ | '_ | '_| | '_ \/ _` | \ \ \ \
 \\/  ___)| |_)| | | | | || (_| |  ) ) ) )
  '  |____| .__|_| |_|_| |_\__, | / / / /
 =========|_|==============|___/=/_/_/_/
 :: Spring Boot ::        (v2.0.3.RELEASE)

2021-03-24 15:54:16.429  INFO 32599 --- [           main] c.e.f.d.DependServiceApplication         : Starting DependServiceApplication v0.0.1-SNAPSHOT on dn3 with PID 32599 (/home/fdse/user/codeWisdom/service/dependence-analysis/depend-service-0.0.1-SNAPSHOT.jar started by fdse in /home/fdse/user/codeWisdom/service/dependence-analysis)
2021-03-24 15:54:16.438  INFO 32599 --- [           main] c.e.f.d.DependServiceApplication         : No active profile set, falling back to default profiles: default
2021-03-24 15:54:16.762  INFO 32599 --- [           main] ConfigServletWebServerApplicationContext : Refreshing org.springframework.boot.web.servlet.context.AnnotationConfigServletWebServerApplicationContext@7ff95560: startup date [Wed Mar 24 15:54:16 CST 2021]; root of context hierarchy
2021-03-24 15:54:19.640  INFO 32599 --- [           main] .s.d.r.c.RepositoryConfigurationDelegate : Multiple Spring Data modules found, entering strict repository configuration mode!
2021-03-24 15:54:20.771  INFO 32599 --- [           main] trationDelegate$BeanPostProcessorChecker : Bean 'org.springframework.transaction.annotation.ProxyTransactionManagementConfiguration' of type [org.springframework.transaction.annotation.ProxyTransactionManagementConfiguration$$EnhancerBySpringCGLIB$$d19049fd] is not eligible for getting processed by all BeanPostProcessors (for example: not eligible for auto-proxying)
2021-03-24 15:54:21.700  INFO 32599 --- [           main] o.s.b.w.embedded.tomcat.TomcatWebServer  : Tomcat initialized with port(s): 8999 (http)
2021-03-24 15:54:22.026  INFO 32599 --- [           main] o.apache.catalina.core.StandardService   : Starting service [Tomcat]
2021-03-24 15:54:22.027  INFO 32599 --- [           main] org.apache.catalina.core.StandardEngine  : Starting Servlet Engine: Apache Tomcat/8.5.31
2021-03-24 15:54:22.050  INFO 32599 --- [ost-startStop-1] o.a.catalina.core.AprLifecycleListener   : The APR based Apache Tomcat Native library which allows optimal performance in production environments was not found on the java.library.path: [/usr/java/packages/lib/amd64:/usr/lib64:/lib64:/lib:/usr/lib]
2021-03-24 15:54:22.261  INFO 32599 --- [ost-startStop-1] o.a.c.c.C.[Tomcat].[localhost].[/]       : Initializing Spring embedded WebApplicationContext
2021-03-24 15:54:22.262  INFO 32599 --- [ost-startStop-1] o.s.web.context.ContextLoader            : Root WebApplicationContext: initialization completed in 5507 ms
2021-03-24 15:54:22.688  INFO 32599 --- [ost-startStop-1] o.s.b.w.servlet.ServletRegistrationBean  : Servlet dispatcherServlet mapped to [/]
2021-03-24 15:54:22.692  INFO 32599 --- [ost-startStop-1] o.s.b.w.servlet.ServletRegistrationBean  : Servlet statViewServlet mapped to [/druid/*]
2021-03-24 15:54:22.700  INFO 32599 --- [ost-startStop-1] o.s.b.w.servlet.FilterRegistrationBean   : Mapping filter: 'characterEncodingFilter' to: [/*]
2021-03-24 15:54:22.701  INFO 32599 --- [ost-startStop-1] o.s.b.w.servlet.FilterRegistrationBean   : Mapping filter: 'hiddenHttpMethodFilter' to: [/*]
2021-03-24 15:54:22.702  INFO 32599 --- [ost-startStop-1] o.s.b.w.servlet.FilterRegistrationBean   : Mapping filter: 'httpPutFormContentFilter' to: [/*]
2021-03-24 15:54:22.702  INFO 32599 --- [ost-startStop-1] o.s.b.w.servlet.FilterRegistrationBean   : Mapping filter: 'requestContextFilter' to: [/*]
2021-03-24 15:54:22.702  INFO 32599 --- [ost-startStop-1] o.s.b.w.servlet.FilterRegistrationBean   : Mapping filter: 'webStatFilter' to urls: [/*]
2021-03-24 15:54:22.943  INFO 32599 --- [           main] o.s.j.d.DriverManagerDataSource          : Loaded JDBC driver: com.mysql.jdbc.Driver
2021-03-24 15:54:22.961  INFO 32599 --- [           main] o.s.j.d.DriverManagerDataSource          : Loaded JDBC driver: com.mysql.jdbc.Driver
2021-03-24 15:54:24.766  INFO 32599 --- [           main] o.s.j.d.DriverManagerDataSource          : Loaded JDBC driver: com.mysql.jdbc.Driver
2021-03-24 15:54:24.772  INFO 32599 --- [           main] o.s.j.d.DriverManagerDataSource          : Loaded JDBC driver: com.mysql.jdbc.Driver
2021-03-24 15:54:26.549  INFO 32599 --- [           main] s.w.s.m.m.a.RequestMappingHandlerMapping : Mapped "{[/putDepend],methods=[GET]}" onto public java.lang.String cn.edu.fudan.dependservice.controller.PutDependController.put2Database(java.lang.String)
2021-03-24 15:54:26.551  INFO 32599 --- [           main] s.w.s.m.m.a.RequestMappingHandlerMapping : Mapped "{[/scanAll],methods=[GET]}" onto public java.lang.String cn.edu.fudan.dependservice.controller.PutDependController.scanAll()
2021-03-24 15:54:26.564  INFO 32599 --- [           main] s.w.s.m.m.a.RequestMappingHandlerMapping : Mapped "{[/dependency],methods=[GET]}" onto public cn.edu.fudan.dependservice.domain.ResponseBean<java.util.List<cn.edu.fudan.dependservice.domain.DependencyInfo>> cn.edu.fudan.dependservice.controller.RequestController.getCcnMethodNum(java.lang.String,java.lang.String,java.lang.String,java.lang.String,java.lang.String)
2021-03-24 15:54:26.567  INFO 32599 --- [           main] s.w.s.m.m.a.RequestMappingHandlerMapping : Mapped "{[/test],methods=[GET]}" onto public java.lang.String cn.edu.fudan.dependservice.controller.Test.put2Database()
2021-03-24 15:54:26.583  INFO 32599 --- [           main] s.w.s.m.m.a.RequestMappingHandlerMapping : Mapped "{[/swagger-resources/configuration/security]}" onto public org.springframework.http.ResponseEntity<springfox.documentation.swagger.web.SecurityConfiguration> springfox.documentation.swagger.web.ApiResourceController.securityConfiguration()
2021-03-24 15:54:26.584  INFO 32599 --- [           main] s.w.s.m.m.a.RequestMappingHandlerMapping : Mapped "{[/swagger-resources]}" onto public org.springframework.http.ResponseEntity<java.util.List<springfox.documentation.swagger.web.SwaggerResource>> springfox.documentation.swagger.web.ApiResourceController.swaggerResources()
2021-03-24 15:54:26.587  INFO 32599 --- [           main] s.w.s.m.m.a.RequestMappingHandlerMapping : Mapped "{[/swagger-resources/configuration/ui]}" onto public org.springframework.http.ResponseEntity<springfox.documentation.swagger.web.UiConfiguration> springfox.documentation.swagger.web.ApiResourceController.uiConfiguration()
2021-03-24 15:54:26.612  INFO 32599 --- [           main] s.w.s.m.m.a.RequestMappingHandlerMapping : Mapped "{[/error],produces=[text/html]}" onto public org.springframework.web.servlet.ModelAndView org.springframework.boot.autoconfigure.web.servlet.error.BasicErrorController.errorHtml(javax.servlet.http.HttpServletRequest,javax.servlet.http.HttpServletResponse)
2021-03-24 15:54:26.613  INFO 32599 --- [           main] s.w.s.m.m.a.RequestMappingHandlerMapping : Mapped "{[/error]}" onto public org.springframework.http.ResponseEntity<java.util.Map<java.lang.String, java.lang.Object>> org.springframework.boot.autoconfigure.web.servlet.error.BasicErrorController.error(javax.servlet.http.HttpServletRequest)
2021-03-24 15:54:27.172  INFO 32599 --- [           main] pertySourcedRequestMappingHandlerMapping : Mapped URL path [/v2/api-docs] onto method [public org.springframework.http.ResponseEntity<springfox.documentation.spring.web.json.Json> springfox.documentation.swagger2.web.Swagger2Controller.getDocumentation(java.lang.String,javax.servlet.http.HttpServletRequest)]
2021-03-24 15:54:27.735  INFO 32599 --- [           main] o.s.w.s.handler.SimpleUrlHandlerMapping  : Mapped URL path [/**/favicon.ico] onto handler of type [class org.springframework.web.servlet.resource.ResourceHttpRequestHandler]
2021-03-24 15:54:27.927  INFO 32599 --- [           main] s.w.s.m.m.a.RequestMappingHandlerAdapter : Looking for @ControllerAdvice: org.springframework.boot.web.servlet.context.AnnotationConfigServletWebServerApplicationContext@7ff95560: startup date [Wed Mar 24 15:54:16 CST 2021]; root of context hierarchy
2021-03-24 15:54:28.186  INFO 32599 --- [           main] o.s.w.s.handler.SimpleUrlHandlerMapping  : Mapped URL path [/webjars/**] onto handler of type [class org.springframework.web.servlet.resource.ResourceHttpRequestHandler]
2021-03-24 15:54:28.187  INFO 32599 --- [           main] o.s.w.s.handler.SimpleUrlHandlerMapping  : Mapped URL path [/**] onto handler of type [class org.springframework.web.servlet.resource.ResourceHttpRequestHandler]
2021-03-24 15:54:30.296  INFO 32599 --- [           main] o.s.j.e.a.AnnotationMBeanExporter        : Registering beans for JMX exposure on startup
2021-03-24 15:54:30.303  INFO 32599 --- [           main] o.s.j.e.a.AnnotationMBeanExporter        : Bean with name 'statFilter' has been autodetected for JMX exposure
2021-03-24 15:54:30.322  INFO 32599 --- [           main] o.s.j.e.a.AnnotationMBeanExporter        : Located MBean 'statFilter': registering with JMX server as MBean [com.alibaba.druid.filter.stat:name=statFilter,type=StatFilter]
2021-03-24 15:54:30.341  INFO 32599 --- [           main] o.s.c.support.DefaultLifecycleProcessor  : Starting beans in phase 2147483647
2021-03-24 15:54:30.342  INFO 32599 --- [           main] d.s.w.p.DocumentationPluginsBootstrapper : Context refreshed
2021-03-24 15:54:30.400  INFO 32599 --- [           main] d.s.w.p.DocumentationPluginsBootstrapper : Found 1 custom documentation plugin(s)
2021-03-24 15:54:30.476  INFO 32599 --- [           main] s.d.s.w.s.ApiListingReferenceScanner     : Scanning for api listing references
2021-03-24 15:54:30.875  INFO 32599 --- [           main] o.s.b.w.embedded.tomcat.TomcatWebServer  : Tomcat started on port(s): 8999 (http) with context path ''
2021-03-24 15:54:30.886  INFO 32599 --- [           main] c.e.f.d.DependServiceApplication         : Started DependServiceApplication in 15.319 seconds (JVM running for 16.624)
2021-03-24 15:54:52.507  INFO 32599 --- [nio-8999-exec-1] o.a.c.c.C.[Tomcat].[localhost].[/]       : Initializing Spring FrameworkServlet 'dispatcherServlet'
2021-03-24 15:54:52.508  INFO 32599 --- [nio-8999-exec-1] o.s.web.servlet.DispatcherServlet        : FrameworkServlet 'dispatcherServlet': initialization started
2021-03-24 15:54:52.557  INFO 32599 --- [nio-8999-exec-1] o.s.web.servlet.DispatcherServlet        : FrameworkServlet 'dispatcherServlet': initialization completed in 49 ms
2021-03-24 15:54:53.438  INFO 32599 --- [nio-8999-exec-1] c.e.f.dependservice.dao.StatisticsDao    : cn.edu.fudan.dependservice.domain.RepoUuidsInfo@3c17afb7
2021-03-24 15:54:53.438  INFO 32599 --- [nio-8999-exec-1] c.e.f.dependservice.dao.StatisticsDao    : cn.edu.fudan.dependservice.domain.RepoUuidsInfo@5d528d1f
2021-03-24 15:54:53.496  INFO 32599 --- [nio-8999-exec-1] c.e.f.dependservice.dao.StatisticsDao    : cn.edu.fudan.dependservice.domain.RepoUuidsInfo@166b2621
2021-03-24 15:54:53.497  INFO 32599 --- [nio-8999-exec-1] c.e.f.dependservice.dao.StatisticsDao    : cn.edu.fudan.dependservice.domain.RepoUuidsInfo@74a7fc6d
2021-03-24 15:54:53.497  INFO 32599 --- [nio-8999-exec-1] c.e.f.dependservice.dao.StatisticsDao    : cn.edu.fudan.dependservice.domain.RepoUuidsInfo@236597d8
2021-03-24 15:54:53.497  INFO 32599 --- [nio-8999-exec-1] c.e.f.dependservice.dao.StatisticsDao    : cn.edu.fudan.dependservice.domain.RepoUuidsInfo@4df77b97
2021-03-24 15:54:53.497  INFO 32599 --- [nio-8999-exec-1] c.e.f.dependservice.dao.StatisticsDao    : cn.edu.fudan.dependservice.domain.RepoUuidsInfo@2e21626
2021-03-24 15:54:53.538  INFO 32599 --- [nio-8999-exec-1] c.e.f.dependservice.dao.StatisticsDao    : cn.edu.fudan.dependservice.domain.RepoUuidsInfo@38eccf82
2021-03-24 15:54:53.580  INFO 32599 --- [nio-8999-exec-1] c.e.f.dependservice.dao.StatisticsDao    : cn.edu.fudan.dependservice.domain.RepoUuidsInfo@35f51c97
2021-03-24 15:54:53.580  INFO 32599 --- [nio-8999-exec-1] c.e.f.dependservice.dao.StatisticsDao    : cn.edu.fudan.dependservice.domain.RepoUuidsInfo@416d5a18
2021-03-24 15:54:53.580  INFO 32599 --- [nio-8999-exec-1] c.e.f.dependservice.dao.StatisticsDao    : cn.edu.fudan.dependservice.domain.RepoUuidsInfo@6cf64e71
2021-03-24 15:54:53.580  INFO 32599 --- [nio-8999-exec-1] c.e.f.dependservice.dao.StatisticsDao    : cn.edu.fudan.dependservice.domain.RepoUuidsInfo@32a73034
2021-03-24 15:54:53.580  INFO 32599 --- [nio-8999-exec-1] c.e.f.dependservice.dao.StatisticsDao    : cn.edu.fudan.dependservice.domain.RepoUuidsInfo@2fab9353
2021-03-24 15:54:53.581  INFO 32599 --- [nio-8999-exec-1] c.e.f.dependservice.dao.StatisticsDao    : cn.edu.fudan.dependservice.domain.RepoUuidsInfo@4bda124
2021-03-24 15:54:53.581  INFO 32599 --- [nio-8999-exec-1] c.e.f.dependservice.dao.StatisticsDao    : cn.edu.fudan.dependservice.domain.RepoUuidsInfo@5ae6e204
2021-03-24 15:54:53.626  INFO 32599 --- [nio-8999-exec-1] c.e.f.dependservice.dao.StatisticsDao    : cn.edu.fudan.dependservice.domain.RepoUuidsInfo@3a0a7c34
2021-03-24 15:54:53.626  INFO 32599 --- [nio-8999-exec-1] c.e.f.dependservice.dao.StatisticsDao    : cn.edu.fudan.dependservice.domain.RepoUuidsInfo@17f7e664
2021-03-24 15:54:53.659  INFO 32599 --- [nio-8999-exec-1] c.e.f.dependservice.dao.StatisticsDao    : cn.edu.fudan.dependservice.domain.RepoUuidsInfo@602a78eb
2021-03-24 15:54:53.661  INFO 32599 --- [nio-8999-exec-1] c.e.f.dependservice.dao.StatisticsDao    : cn.edu.fudan.dependservice.domain.RepoUuidsInfo@62b2df2b
2021-03-24 15:54:53.684  INFO 32599 --- [nio-8999-exec-1] c.e.f.dependservice.dao.StatisticsDao    : cn.edu.fudan.dependservice.domain.RepoUuidsInfo@325ae3
2021-03-24 15:54:53.719  INFO 32599 --- [nio-8999-exec-1] c.e.f.dependservice.dao.StatisticsDao    : cn.edu.fudan.dependservice.domain.RepoUuidsInfo@2b08ef7b
2021-03-24 15:54:53.719  INFO 32599 --- [nio-8999-exec-1] c.e.f.dependservice.dao.StatisticsDao    : cn.edu.fudan.dependservice.domain.RepoUuidsInfo@571d149e
2021-03-24 15:54:53.719  INFO 32599 --- [nio-8999-exec-1] c.e.f.dependservice.dao.StatisticsDao    : getallRepoUuid.size:22
2021-03-24 15:54:53.720  INFO 32599 --- [nio-8999-exec-1] c.e.f.d.service.impl.TestServiceImpl     : need scan size:15
2021-03-24 15:54:54.809  INFO 32599 --- [33-ToolScanImpl] c.e.f.c.component.BaseRepoRestManager    : {"content":"/home/fdse/codeWisdom/repository/repo/gitlab/jie/IssueTracker-Master-project-refactor_duplicate_fdse-3","status":"Successful"}
2021-03-24 15:54:59.670  INFO 32599 --- [33-ToolScanImpl] c.e.fudan.common.scan.CommonScanProcess  : toScanCommit:7ed91f1565c19141eba5d81a50b593659feab2b0
2021-03-24 15:54:59.671  INFO 32599 --- [33-ToolScanImpl] c.e.f.d.service.impl.ToolScanImpl        : configFile :/home/fdse/codeWisdom/service/dependence-analysis/deHome0303/source-project-conf.json
2021-03-24 15:55:00.028  INFO 32599 --- [33-ToolScanImpl] c.e.f.d.service.impl.ToolScanImpl        : sh start time:2021-03-24 15:55:00
2021-03-24 15:55:00.029  INFO 32599 --- [33-ToolScanImpl] c.e.f.d.service.impl.ToolScanImpl        : wait for sh result
2021-03-24 15:55:00.034  INFO 32599 --- [       Thread-6] c.e.f.d.service.impl.ShThread            : command -> sh /home/fdse/codeWisdom/service/dependence-analysis/tdepend.sh
2021-03-24 15:55:53.179  INFO 32599 --- [       Thread-6] c.e.f.d.service.impl.ShThread            : end of sh
2021-03-24 15:57:03.053  INFO 32599 --- [33-ToolScanImpl] c.e.f.d.service.impl.ToolScanImpl        : The total cost of waiting for the sh results -> 123 second
2021-03-24 15:57:03.960  INFO 32599 --- [       Thread-7] c.e.f.d.service.impl.ShThread2           : command2 -> sh /home/fdse/codeWisdom/service/dependence-analysis/tdepend2.sh
2021-03-24 15:57:03.967  INFO 32599 --- [33-ToolScanImpl] c.e.f.d.service.impl.ToolScanImpl        : sh2 end 
2021-03-24 15:57:04.511  INFO 32599 --- [33-ToolScanImpl] c.e.f.c.component.BaseRepoRestManager    : {"content":"/home/fdse/codeWisdom/repository/repo/gitlab/heyue1214/IssueTracker-Master-zhonghui20191012_duplicate_fdse-19","status":"Successful"}
2021-03-24 15:57:04.773  INFO 32599 --- [33-ToolScanImpl] c.e.fudan.common.scan.CommonScanProcess  : toScanCommit:0b76f0a999bdb05666f305bacd16d86bbb7e496c
2021-03-24 15:57:04.774  INFO 32599 --- [33-ToolScanImpl] c.e.f.d.service.impl.ToolScanImpl        : configFile :/home/fdse/codeWisdom/service/dependence-analysis/deHome0303/source-project-conf.json
2021-03-24 15:57:04.988  INFO 32599 --- [33-ToolScanImpl] c.e.f.d.service.impl.ToolScanImpl        : sh start time:2021-03-24 15:57:04
2021-03-24 15:57:04.988  INFO 32599 --- [33-ToolScanImpl] c.e.f.d.service.impl.ToolScanImpl        : wait for sh result
2021-03-24 15:57:04.995  INFO 32599 --- [       Thread-8] c.e.f.d.service.impl.ShThread            : command -> sh /home/fdse/codeWisdom/service/dependence-analysis/tdepend.sh
2021-03-24 16:02:05.007 ERROR 32599 --- [       Thread-8] c.e.f.d.service.impl.ShThread            : invoke tool timeout ! (300s)
2021-03-24 16:07:08.076 ERROR 32599 --- [33-ToolScanImpl] c.e.f.d.service.impl.ToolScanImpl        : wait for sh result time too long
2021-03-24 16:07:08.077  INFO 32599 --- [       Thread-9] c.e.f.d.service.impl.ShThread2           : command2 -> sh /home/fdse/codeWisdom/service/dependence-analysis/tdepend2.sh
2021-03-24 16:07:08.090  INFO 32599 --- [33-ToolScanImpl] c.e.f.d.service.impl.ToolScanImpl        : sh2 end 
2021-03-24 16:07:08.416  INFO 32599 --- [cd-ToolScanImpl] c.e.f.c.component.BaseRepoRestManager    : {"content":"/home/fdse/codeWisdom/repository/repo/gitlab/platform/issue-bug-bugtest_duplicate_fdse-4","status":"Successful"}
2021-03-24 16:07:08.490  INFO 32599 --- [cd-ToolScanImpl] c.e.fudan.common.scan.CommonScanProcess  : toScanCommit:765ada0b89d1d3160c027ac3d2e347c86a341ff4
2021-03-24 16:07:08.490  INFO 32599 --- [cd-ToolScanImpl] c.e.f.d.service.impl.ToolScanImpl        : configFile :/home/fdse/codeWisdom/service/dependence-analysis/deHome0303/source-project-conf.json
2021-03-24 16:07:08.531  INFO 32599 --- [cd-ToolScanImpl] c.e.f.d.service.impl.ToolScanImpl        : sh start time:2021-03-24 16:07:08
2021-03-24 16:07:08.531  INFO 32599 --- [cd-ToolScanImpl] c.e.f.d.service.impl.ToolScanImpl        : wait for sh result
2021-03-24 16:07:08.531  INFO 32599 --- [      Thread-10] c.e.f.d.service.impl.ShThread            : command -> sh /home/fdse/codeWisdom/service/dependence-analysis/tdepend.sh
2021-03-24 16:07:39.109  INFO 32599 --- [      Thread-10] c.e.f.d.service.impl.ShThread            : end of sh
2021-03-24 16:17:11.625 ERROR 32599 --- [cd-ToolScanImpl] c.e.f.d.service.impl.ToolScanImpl        : wait for sh result time too long
2021-03-24 16:17:11.625  INFO 32599 --- [      Thread-11] c.e.f.d.service.impl.ShThread2           : command2 -> sh /home/fdse/codeWisdom/service/dependence-analysis/tdepend2.sh
2021-03-24 16:17:11.630  INFO 32599 --- [cd-ToolScanImpl] c.e.f.d.service.impl.ToolScanImpl        : sh2 end 
2021-03-24 16:17:11.743  INFO 32599 --- [fb-ToolScanImpl] c.e.f.c.component.BaseRepoRestManager    : {"content":"This repository has no free working space.Please try again later!","status":"Failed"}
2021-03-24 16:17:11.743 ERROR 32599 --- [fb-ToolScanImpl] c.e.f.c.component.BaseRepoRestManager    : This repository has no free working space.Please try again later!
2021-03-24 16:17:11.743 ERROR 32599 --- [fb-ToolScanImpl] c.e.fudan.common.scan.CommonScanProcess  : 3b1f56e8-69c9-11eb-b829-432f1e48d2fb : can't get repoPath
2021-03-24 16:17:11.861  INFO 32599 --- [60-ToolScanImpl] c.e.f.c.component.BaseRepoRestManager    : {"content":"/home/fdse/codeWisdom/repository/repo/github/CodepediaOrg/demo-rest-jersey-spring-master_duplicate_fdse-2","status":"Successful"}
2021-03-24 16:17:11.942  INFO 32599 --- [60-ToolScanImpl] c.e.fudan.common.scan.CommonScanProcess  : toScanCommit:a46ab55dbb6ecd5e97cdc253036b068d02e5573b
2021-03-24 16:17:11.943  INFO 32599 --- [60-ToolScanImpl] c.e.f.d.service.impl.ToolScanImpl        : configFile :/home/fdse/codeWisdom/service/dependence-analysis/deHome0303/source-project-conf.json
2021-03-24 16:17:12.014  INFO 32599 --- [60-ToolScanImpl] c.e.f.d.service.impl.ToolScanImpl        : sh start time:2021-03-24 16:17:12
2021-03-24 16:17:12.014  INFO 32599 --- [      Thread-12] c.e.f.d.service.impl.ShThread            : command -> sh /home/fdse/codeWisdom/service/dependence-analysis/tdepend.sh
2021-03-24 16:17:12.014  INFO 32599 --- [60-ToolScanImpl] c.e.f.d.service.impl.ToolScanImpl        : wait for sh result
2021-03-24 16:17:51.691  INFO 32599 --- [      Thread-12] c.e.f.d.service.impl.ShThread            : end of sh
2021-03-24 16:18:54.031  INFO 32599 --- [60-ToolScanImpl] c.e.f.d.service.impl.ToolScanImpl        : The total cost of waiting for the sh results -> 102 second
2021-03-24 16:18:54.032  INFO 32599 --- [60-ToolScanImpl] c.e.f.d.service.impl.ReadUtill           : Exception:The supplied file was empty (zero bytes long)
2021-03-24 16:18:54.033  INFO 32599 --- [      Thread-13] c.e.f.d.service.impl.ShThread2           : command2 -> sh /home/fdse/codeWisdom/service/dependence-analysis/tdepend2.sh
2021-03-24 16:18:54.038  INFO 32599 --- [60-ToolScanImpl] c.e.f.d.service.impl.ToolScanImpl        : sh2 end 
2021-03-24 16:18:55.212  INFO 32599 --- [33-ToolScanImpl] c.e.f.c.component.BaseRepoRestManager    : {"content":"/home/fdse/codeWisdom/repository/repo/github/dashpay/dash-master_duplicate_fdse-1","status":"Successful"}
2021-03-24 16:18:55.941  INFO 32599 --- [33-ToolScanImpl] c.e.fudan.common.scan.CommonScanProcess  : toScanCommit:43d2973a0e89ac9435142d6379e664c0ec20b2a2
2021-03-24 16:18:55.942  INFO 32599 --- [33-ToolScanImpl] c.e.f.d.service.impl.ToolScanImpl        : configFile :/home/fdse/codeWisdom/service/dependence-analysis/deHome0303/source-project-conf.json
2021-03-24 16:18:56.104  INFO 32599 --- [33-ToolScanImpl] c.e.f.d.service.impl.ToolScanImpl        : sh start time:2021-03-24 16:18:56
2021-03-24 16:18:56.105  INFO 32599 --- [33-ToolScanImpl] c.e.f.d.service.impl.ToolScanImpl        : wait for sh result
2021-03-24 16:18:56.106  INFO 32599 --- [      Thread-14] c.e.f.d.service.impl.ShThread            : command -> sh /home/fdse/codeWisdom/service/dependence-analysis/tdepend.sh
2021-03-24 16:19:35.843  INFO 32599 --- [      Thread-14] c.e.f.d.service.impl.ShThread            : end of sh
2021-03-24 16:28:59.194 ERROR 32599 --- [33-ToolScanImpl] c.e.f.d.service.impl.ToolScanImpl        : wait for sh result time too long
2021-03-24 16:28:59.194  INFO 32599 --- [      Thread-15] c.e.f.d.service.impl.ShThread2           : command2 -> sh /home/fdse/codeWisdom/service/dependence-analysis/tdepend2.sh
2021-03-24 16:28:59.199  INFO 32599 --- [33-ToolScanImpl] c.e.f.d.service.impl.ToolScanImpl        : sh2 end 
2021-03-24 16:29:00.261  INFO 32599 --- [33-ToolScanImpl] c.e.f.c.component.BaseRepoRestManager    : {"content":"/home/fdse/codeWisdom/repository/repo/github/ethereum/go-ethereum-master_duplicate_fdse-9","status":"Successful"}
2021-03-24 16:29:00.695  INFO 32599 --- [33-ToolScanImpl] c.e.fudan.common.scan.CommonScanProcess  : toScanCommit:aae7660410f0ef90279e14afaaf2f429fdc2a186
2021-03-24 16:29:00.695  INFO 32599 --- [33-ToolScanImpl] c.e.f.d.service.impl.ToolScanImpl        : configFile :/home/fdse/codeWisdom/service/dependence-analysis/deHome0303/source-project-conf.json
2021-03-24 16:29:00.844  INFO 32599 --- [33-ToolScanImpl] c.e.f.d.service.impl.ToolScanImpl        : sh start time:2021-03-24 16:29:00
2021-03-24 16:29:00.844  INFO 32599 --- [      Thread-16] c.e.f.d.service.impl.ShThread            : command -> sh /home/fdse/codeWisdom/service/dependence-analysis/tdepend.sh
2021-03-24 16:29:00.845  INFO 32599 --- [33-ToolScanImpl] c.e.f.d.service.impl.ToolScanImpl        : wait for sh result
2021-03-24 16:29:37.686  INFO 32599 --- [      Thread-16] c.e.f.d.service.impl.ShThread            : end of sh
2021-03-24 16:39:03.936 ERROR 32599 --- [33-ToolScanImpl] c.e.f.d.service.impl.ToolScanImpl        : wait for sh result time too long
2021-03-24 16:39:03.943  INFO 32599 --- [      Thread-17] c.e.f.d.service.impl.ShThread2           : command2 -> sh /home/fdse/codeWisdom/service/dependence-analysis/tdepend2.sh
2021-03-24 16:39:03.958  INFO 32599 --- [33-ToolScanImpl] c.e.f.d.service.impl.ToolScanImpl        : sh2 end 
2021-03-24 16:39:05.085  INFO 32599 --- [33-ToolScanImpl] c.e.f.c.component.BaseRepoRestManager    : {"content":"/home/fdse/codeWisdom/repository/repo/github/peercoin/peercoin-master_duplicate_fdse-5","status":"Successful"}
2021-03-24 16:39:05.609  INFO 32599 --- [33-ToolScanImpl] c.e.fudan.common.scan.CommonScanProcess  : toScanCommit:1cbefe44d1d19411c57c4428fcef4961201e1a15
2021-03-24 16:39:05.610  INFO 32599 --- [33-ToolScanImpl] c.e.f.d.service.impl.ToolScanImpl        : configFile :/home/fdse/codeWisdom/service/dependence-analysis/deHome0303/source-project-conf.json
2021-03-24 16:39:05.733  INFO 32599 --- [33-ToolScanImpl] c.e.f.d.service.impl.ToolScanImpl        : sh start time:2021-03-24 16:39:05
2021-03-24 16:39:05.733  INFO 32599 --- [33-ToolScanImpl] c.e.f.d.service.impl.ToolScanImpl        : wait for sh result
2021-03-24 16:39:05.733  INFO 32599 --- [      Thread-18] c.e.f.d.service.impl.ShThread            : command -> sh /home/fdse/codeWisdom/service/dependence-analysis/tdepend.sh
2021-03-24 16:39:45.983  INFO 32599 --- [      Thread-18] c.e.f.d.service.impl.ShThread            : end of sh
2021-03-24 16:49:08.818 ERROR 32599 --- [33-ToolScanImpl] c.e.f.d.service.impl.ToolScanImpl        : wait for sh result time too long
2021-03-24 16:49:08.819  INFO 32599 --- [      Thread-19] c.e.f.d.service.impl.ShThread2           : command2 -> sh /home/fdse/codeWisdom/service/dependence-analysis/tdepend2.sh
2021-03-24 16:49:08.824  INFO 32599 --- [33-ToolScanImpl] c.e.f.d.service.impl.ToolScanImpl        : sh2 end 
2021-03-24 16:49:12.002  INFO 32599 --- [83-ToolScanImpl] c.e.f.c.component.BaseRepoRestManager    : {"content":"/home/fdse/codeWisdom/repository/repo/github/keycloak/keycloak-master_duplicate_fdse-3","status":"Successful"}
2021-03-24 16:49:13.856  INFO 32599 --- [83-ToolScanImpl] c.e.fudan.common.scan.CommonScanProcess  : toScanCommit:1d54dd5e8befc2117a8b641ddd223a45b90b6794
2021-03-24 16:49:13.857  INFO 32599 --- [83-ToolScanImpl] c.e.f.d.service.impl.ToolScanImpl        : configFile :/home/fdse/codeWisdom/service/dependence-analysis/deHome0303/source-project-conf.json
2021-03-24 16:49:15.437  INFO 32599 --- [83-ToolScanImpl] c.e.f.d.service.impl.ToolScanImpl        : sh start time:2021-03-24 16:49:15
2021-03-24 16:49:15.437  INFO 32599 --- [83-ToolScanImpl] c.e.f.d.service.impl.ToolScanImpl        : wait for sh result
2021-03-24 16:49:15.504  INFO 32599 --- [      Thread-20] c.e.f.d.service.impl.ShThread            : command -> sh /home/fdse/codeWisdom/service/dependence-analysis/tdepend.sh
2021-03-24 16:54:15.514 ERROR 32599 --- [      Thread-20] c.e.f.d.service.impl.ShThread            : invoke tool timeout ! (300s)
2021-03-24 16:59:18.544 ERROR 32599 --- [83-ToolScanImpl] c.e.f.d.service.impl.ToolScanImpl        : wait for sh result time too long
2021-03-24 16:59:18.545  INFO 32599 --- [      Thread-21] c.e.f.d.service.impl.ShThread2           : command2 -> sh /home/fdse/codeWisdom/service/dependence-analysis/tdepend2.sh
2021-03-24 16:59:18.550  INFO 32599 --- [83-ToolScanImpl] c.e.f.d.service.impl.ToolScanImpl        : sh2 end 
2021-03-24 16:59:19.120  INFO 32599 --- [33-ToolScanImpl] c.e.f.c.component.BaseRepoRestManager    : {"content":"/home/fdse/codeWisdom/repository/repo/github/srcrs/BilibiliTask-main_duplicate_fdse-3","status":"Successful"}
2021-03-24 16:59:19.326  INFO 32599 --- [33-ToolScanImpl] c.e.fudan.common.scan.CommonScanProcess  : toScanCommit:74b513c770fd54d7e64b75a64c1a28e1407bfe9e
2021-03-24 16:59:19.327  INFO 32599 --- [33-ToolScanImpl] c.e.f.d.service.impl.ToolScanImpl        : configFile :/home/fdse/codeWisdom/service/dependence-analysis/deHome0303/source-project-conf.json
2021-03-24 16:59:19.525  INFO 32599 --- [33-ToolScanImpl] c.e.f.d.service.impl.ToolScanImpl        : sh start time:2021-03-24 16:59:19
2021-03-24 16:59:19.525  INFO 32599 --- [      Thread-22] c.e.f.d.service.impl.ShThread            : command -> sh /home/fdse/codeWisdom/service/dependence-analysis/tdepend.sh
2021-03-24 16:59:19.525  INFO 32599 --- [33-ToolScanImpl] c.e.f.d.service.impl.ToolScanImpl        : wait for sh result
2021-03-24 17:00:01.456  INFO 32599 --- [      Thread-22] c.e.f.d.service.impl.ShThread            : end of sh
2021-03-24 17:01:07.551  INFO 32599 --- [33-ToolScanImpl] c.e.f.d.service.impl.ToolScanImpl        : The total cost of waiting for the sh results -> 108 second
2021-03-24 17:01:07.605  INFO 32599 --- [      Thread-23] c.e.f.d.service.impl.ShThread2           : command2 -> sh /home/fdse/codeWisdom/service/dependence-analysis/tdepend2.sh
2021-03-24 17:01:07.613  INFO 32599 --- [33-ToolScanImpl] c.e.f.d.service.impl.ToolScanImpl        : sh2 end 
2021-03-24 17:01:09.049  INFO 32599 --- [05-ToolScanImpl] c.e.f.c.component.BaseRepoRestManager    : {"content":"/home/fdse/codeWisdom/repository/repo/gitlab/platform/IssueTracker-Master-dev_duplicate_fdse-11","status":"Successful"}
2021-03-24 17:01:09.236  INFO 32599 --- [05-ToolScanImpl] c.e.fudan.common.scan.CommonScanProcess  : toScanCommit:3df3fbe054b4af45b1ea46282aec5109bd98e3b8
2021-03-24 17:01:09.236  INFO 32599 --- [05-ToolScanImpl] c.e.f.d.service.impl.ToolScanImpl        : configFile :/home/fdse/codeWisdom/service/dependence-analysis/deHome0303/source-project-conf.json
2021-03-24 17:01:09.388  INFO 32599 --- [05-ToolScanImpl] c.e.f.d.service.impl.ToolScanImpl        : sh start time:2021-03-24 17:01:09
2021-03-24 17:01:09.388  INFO 32599 --- [      Thread-24] c.e.f.d.service.impl.ShThread            : command -> sh /home/fdse/codeWisdom/service/dependence-analysis/tdepend.sh
2021-03-24 17:01:09.388  INFO 32599 --- [05-ToolScanImpl] c.e.f.d.service.impl.ToolScanImpl        : wait for sh result
2021-03-24 17:02:14.080  INFO 32599 --- [      Thread-24] c.e.f.d.service.impl.ShThread            : end of sh
2021-03-24 17:03:57.420  INFO 32599 --- [05-ToolScanImpl] c.e.f.d.service.impl.ToolScanImpl        : The total cost of waiting for the sh results -> 168 second
2021-03-24 17:03:57.479  INFO 32599 --- [      Thread-25] c.e.f.d.service.impl.ShThread2           : command2 -> sh /home/fdse/codeWisdom/service/dependence-analysis/tdepend2.sh
2021-03-24 17:03:57.488  INFO 32599 --- [05-ToolScanImpl] c.e.f.d.service.impl.ToolScanImpl        : sh2 end 
2021-03-24 17:03:59.263  INFO 32599 --- [00-ToolScanImpl] c.e.f.c.component.BaseRepoRestManager    : {"content":"/home/fdse/codeWisdom/repository/repo/gitlab/platform/codeTracker-dev_duplicate_fdse-2","status":"Successful"}
2021-03-24 17:03:59.330  INFO 32599 --- [00-ToolScanImpl] c.e.fudan.common.scan.CommonScanProcess  : toScanCommit:6cb8e60763bbb6bf3184ef47569680e84e15568e
2021-03-24 17:03:59.330  INFO 32599 --- [00-ToolScanImpl] c.e.f.d.service.impl.ToolScanImpl        : configFile :/home/fdse/codeWisdom/service/dependence-analysis/deHome0303/source-project-conf.json
2021-03-24 17:03:59.388  INFO 32599 --- [00-ToolScanImpl] c.e.f.d.service.impl.ToolScanImpl        : sh start time:2021-03-24 17:03:59
2021-03-24 17:03:59.388  INFO 32599 --- [00-ToolScanImpl] c.e.f.d.service.impl.ToolScanImpl        : wait for sh result
2021-03-24 17:03:59.388  INFO 32599 --- [      Thread-26] c.e.f.d.service.impl.ShThread            : command -> sh /home/fdse/codeWisdom/service/dependence-analysis/tdepend.sh
2021-03-24 17:04:49.696  INFO 32599 --- [      Thread-26] c.e.f.d.service.impl.ShThread            : end of sh
2021-03-24 17:14:02.490 ERROR 32599 --- [00-ToolScanImpl] c.e.f.d.service.impl.ToolScanImpl        : wait for sh result time too long
2021-03-24 17:14:02.496  INFO 32599 --- [      Thread-27] c.e.f.d.service.impl.ShThread2           : command2 -> sh /home/fdse/codeWisdom/service/dependence-analysis/tdepend2.sh
2021-03-24 17:14:02.503  INFO 32599 --- [00-ToolScanImpl] c.e.f.d.service.impl.ToolScanImpl        : sh2 end 
2021-03-24 17:14:03.203  INFO 32599 --- [33-ToolScanImpl] c.e.f.c.component.BaseRepoRestManager    : {"content":"/home/fdse/codeWisdom/repository/repo/github/metersphere/metersphere-master_duplicate_fdse-11","status":"Successful"}
2021-03-24 17:14:03.870  INFO 32599 --- [33-ToolScanImpl] c.e.fudan.common.scan.CommonScanProcess  : toScanCommit:5870c646537c3d0cfa398a605048132d7aab12d3
2021-03-24 17:14:03.870  INFO 32599 --- [33-ToolScanImpl] c.e.f.d.service.impl.ToolScanImpl        : configFile :/home/fdse/codeWisdom/service/dependence-analysis/deHome0303/source-project-conf.json
2021-03-24 17:14:04.295  INFO 32599 --- [33-ToolScanImpl] c.e.f.d.service.impl.ToolScanImpl        : sh start time:2021-03-24 17:14:04
2021-03-24 17:14:04.295  INFO 32599 --- [33-ToolScanImpl] c.e.f.d.service.impl.ToolScanImpl        : wait for sh result
2021-03-24 17:14:04.296  INFO 32599 --- [      Thread-28] c.e.f.d.service.impl.ShThread            : command -> sh /home/fdse/codeWisdom/service/dependence-analysis/tdepend.sh
2021-03-24 17:15:30.118  INFO 32599 --- [      Thread-28] c.e.f.d.service.impl.ShThread            : end of sh
2021-03-24 17:18:25.336  INFO 32599 --- [33-ToolScanImpl] c.e.f.d.service.impl.ToolScanImpl        : The total cost of waiting for the sh results -> 261 second
2021-03-24 17:18:29.091  INFO 32599 --- [      Thread-29] c.e.f.d.service.impl.ShThread2           : command2 -> sh /home/fdse/codeWisdom/service/dependence-analysis/tdepend2.sh
2021-03-24 17:18:29.104  INFO 32599 --- [33-ToolScanImpl] c.e.f.d.service.impl.ToolScanImpl        : sh2 end 
2021-03-24 17:18:29.603  INFO 32599 --- [05-ToolScanImpl] c.e.f.c.component.BaseRepoRestManager    : {"content":"/home/fdse/codeWisdom/repository/repo/gitlab/Lemon/restfulAPI-dev_duplicate_fdse-3","status":"Successful"}
2021-03-24 17:18:29.719  INFO 32599 --- [05-ToolScanImpl] c.e.fudan.common.scan.CommonScanProcess  : toScanCommit:54ce49293304f7d6f68df8b879377468bf375e1f
2021-03-24 17:18:29.735  INFO 32599 --- [05-ToolScanImpl] c.e.f.d.service.impl.ToolScanImpl        : configFile :/home/fdse/codeWisdom/service/dependence-analysis/deHome0303/source-project-conf.json
2021-03-24 17:18:29.850  INFO 32599 --- [05-ToolScanImpl] c.e.f.d.service.impl.ToolScanImpl        : sh start time:2021-03-24 17:18:29
2021-03-24 17:18:29.851  INFO 32599 --- [05-ToolScanImpl] c.e.f.d.service.impl.ToolScanImpl        : wait for sh result
2021-03-24 17:18:29.855  INFO 32599 --- [      Thread-30] c.e.f.d.service.impl.ShThread            : command -> sh /home/fdse/codeWisdom/service/dependence-analysis/tdepend.sh
2021-03-24 17:19:08.912  INFO 32599 --- [      Thread-30] c.e.f.d.service.impl.ShThread            : end of sh
