 INFO [main] 2021-02-25 10:32:23,588 (SagaShell.java:119): process argument 'dataset=C:\Users\86189\Desktop\clone\IssueTracker-Master\clone-service\src\main\java\cn\edu\fudan\cloneservice'
 INFO [main] 2021-02-25 10:32:23,619 (SagaShell.java:119): process argument 'language=java'
 INFO [main] 2021-02-25 10:32:23,619 (SagaShell.java:119): process argument 'extensions=java'
 INFO [main] 2021-02-25 10:32:23,620 (SagaShell.java:119): process argument 'granularity=snippet'
 INFO [main] 2021-02-25 10:32:23,621 (SagaShell.java:119): process argument 'exe=executable/executable_cpu_win10_snippet.exe'
 INFO [main] 2021-02-25 10:32:23,622 (SagaShell.java:119): process argument 'threshold=0.7'
 INFO [main] 2021-02-25 10:32:23,628 (SagaShell.java:54): loading file list...
 INFO [main] 2021-02-25 10:32:23,630 (SagaShell.java:75): 0 files have been loaded
 INFO [main] 2021-02-25 10:32:23,630 (SagaShell.java:82): loading state...
 INFO [main] 2021-02-25 10:32:23,638 (Tokenizer.java:69): ==========================================
 INFO [main] 2021-02-25 10:32:23,639 (Tokenizer.java:70):                  tokenize                 
 INFO [main] 2021-02-25 10:32:23,639 (Tokenizer.java:71): ==========================================
 INFO [main] 2021-02-25 10:32:23,642 (Tokenizer.java:157): tokenIndexList: [-2147483647]
 INFO [main] 2021-02-25 10:32:23,643 (Tokenizer.java:159): total token num is: 0
 INFO [main] 2021-02-25 10:32:23,643 (Tokenizer.java:160): total measure num is: 0
 INFO [main] 2021-02-25 10:32:23,643 (Tokenizer.java:161): total line is: 0
 INFO [main] 2021-02-25 10:32:23,654 (SuffixArrayBuilder.java:23): ==========================================
 INFO [main] 2021-02-25 10:32:23,654 (SuffixArrayBuilder.java:24):                   build                   
 INFO [main] 2021-02-25 10:32:23,654 (SuffixArrayBuilder.java:25): ==========================================
 INFO [main] 2021-02-25 10:32:23,664 (CPUSnippetParser.java:36): ==========================================
 INFO [main] 2021-02-25 10:32:23,664 (CPUSnippetParser.java:37):                   parse                   
 INFO [main] 2021-02-25 10:32:23,664 (CPUSnippetParser.java:38): ==========================================
 INFO [main] 2021-02-25 10:32:23,667 (CPUSnippetParser.java:61): result group: 0
 INFO [main] 2021-02-25 10:32:23,667 (SagaShell.java:189): total time cost: 0h 0m 0s
 INFO [main] 2021-02-25 10:34:01,900 (SagaShell.java:119): process argument 'dataset=C:\Users\86189\Desktop\clone\IssueTracker-Master\clone-service\src\main\java\cn\edu\fudan\cloneservice'
 INFO [main] 2021-02-25 10:34:01,923 (SagaShell.java:119): process argument 'language=java'
 INFO [main] 2021-02-25 10:34:01,924 (SagaShell.java:119): process argument 'extensions=java'
 INFO [main] 2021-02-25 10:34:01,924 (SagaShell.java:119): process argument 'granularity=snippet'
 INFO [main] 2021-02-25 10:34:01,926 (SagaShell.java:119): process argument 'exe=executable/executable_cpu_win10_snippet.exe'
 INFO [main] 2021-02-25 10:34:01,926 (SagaShell.java:119): process argument 'threshold=0.7'
 INFO [main] 2021-02-25 10:34:01,929 (SagaShell.java:54): loading file list...
 INFO [main] 2021-02-25 10:34:01,932 (SagaShell.java:75): 0 files have been loaded
 INFO [main] 2021-02-25 10:34:01,932 (SagaShell.java:82): loading state...
 INFO [main] 2021-02-25 10:34:01,939 (Tokenizer.java:69): ==========================================
 INFO [main] 2021-02-25 10:34:01,939 (Tokenizer.java:70):                  tokenize                 
 INFO [main] 2021-02-25 10:34:01,939 (Tokenizer.java:71): ==========================================
 INFO [main] 2021-02-25 10:34:01,948 (Tokenizer.java:157): tokenIndexList: [-2147483647]
 INFO [main] 2021-02-25 10:34:01,948 (Tokenizer.java:159): total token num is: 0
 INFO [main] 2021-02-25 10:34:01,948 (Tokenizer.java:160): total measure num is: 0
 INFO [main] 2021-02-25 10:34:01,948 (Tokenizer.java:161): total line is: 0
 INFO [main] 2021-02-25 10:34:01,958 (SuffixArrayBuilder.java:23): ==========================================
 INFO [main] 2021-02-25 10:34:01,958 (SuffixArrayBuilder.java:24):                   build                   
 INFO [main] 2021-02-25 10:34:01,959 (SuffixArrayBuilder.java:25): ==========================================
 INFO [main] 2021-02-25 10:34:01,967 (CPUSnippetParser.java:36): ==========================================
 INFO [main] 2021-02-25 10:34:01,967 (CPUSnippetParser.java:37):                   parse                   
 INFO [main] 2021-02-25 10:34:01,967 (CPUSnippetParser.java:38): ==========================================
 INFO [main] 2021-02-25 10:34:01,970 (CPUSnippetParser.java:61): result group: 0
 INFO [main] 2021-02-25 10:34:01,970 (SagaShell.java:189): total time cost: 0h 0m 0s
 INFO [main] 2021-02-25 10:35:14,598 (SagaShell.java:119): process argument 'dataset=C:\Users\86189\Desktop\clone\IssueTracker-Master\clone-service\src\main\java\cn\edu\fudan\cloneservice'
 INFO [main] 2021-02-25 10:35:14,651 (SagaShell.java:119): process argument 'language=java'
 INFO [main] 2021-02-25 10:35:14,652 (SagaShell.java:119): process argument 'extensions=java'
 INFO [main] 2021-02-25 10:35:14,652 (SagaShell.java:119): process argument 'granularity=snippet'
 INFO [main] 2021-02-25 10:35:14,657 (SagaShell.java:119): process argument 'exe=executable/executable_cpu_win10_snippet.exe'
 INFO [main] 2021-02-25 10:35:14,658 (SagaShell.java:119): process argument 'threshold=0.7'
 INFO [main] 2021-02-25 10:35:16,917 (SagaShell.java:54): loading file list...
 INFO [main] 2021-02-25 10:35:16,930 (SagaShell.java:75): 0 files have been loaded
 INFO [main] 2021-02-25 10:35:18,017 (SagaShell.java:82): loading state...
 INFO [main] 2021-02-25 10:35:20,526 (Tokenizer.java:69): ==========================================
 INFO [main] 2021-02-25 10:35:20,527 (Tokenizer.java:70):                  tokenize                 
 INFO [main] 2021-02-25 10:35:20,527 (Tokenizer.java:71): ==========================================
 INFO [main] 2021-02-25 10:35:20,541 (Tokenizer.java:157): tokenIndexList: [-2147483647]
 INFO [main] 2021-02-25 10:35:20,542 (Tokenizer.java:159): total token num is: 0
 INFO [main] 2021-02-25 10:35:20,543 (Tokenizer.java:160): total measure num is: 0
 INFO [main] 2021-02-25 10:35:20,543 (Tokenizer.java:161): total line is: 0
 INFO [main] 2021-02-25 10:35:22,178 (SuffixArrayBuilder.java:23): ==========================================
 INFO [main] 2021-02-25 10:35:22,179 (SuffixArrayBuilder.java:24):                   build                   
 INFO [main] 2021-02-25 10:35:22,180 (SuffixArrayBuilder.java:25): ==========================================
 INFO [main] 2021-02-25 10:35:39,318 (CPUSnippetParser.java:36): ==========================================
 INFO [main] 2021-02-25 10:35:39,319 (CPUSnippetParser.java:37):                   parse                   
 INFO [main] 2021-02-25 10:35:39,320 (CPUSnippetParser.java:38): ==========================================
 INFO [main] 2021-02-25 10:35:39,327 (CPUSnippetParser.java:61): result group: 0
 INFO [main] 2021-02-25 10:35:40,996 (SagaShell.java:189): total time cost: 0h 0m 24s
 INFO [main] 2021-02-25 10:37:37,212 (SagaShell.java:119): process argument 'dataset=C:\Users\86189\Desktop\clone\IssueTracker-Master\clone-service\src\main\java\cn\edu\fudan\cloneservice'
 INFO [main] 2021-02-25 10:37:37,265 (SagaShell.java:119): process argument 'language=java'
 INFO [main] 2021-02-25 10:37:37,265 (SagaShell.java:119): process argument 'extensions=java'
 INFO [main] 2021-02-25 10:37:37,266 (SagaShell.java:119): process argument 'granularity=snippet'
 INFO [main] 2021-02-25 10:37:37,271 (SagaShell.java:119): process argument 'exe=executable/executable_cpu_win10_snippet.exe'
 INFO [main] 2021-02-25 10:37:37,271 (SagaShell.java:119): process argument 'threshold=0.7'
 INFO [main] 2021-02-25 10:37:37,285 (SagaShell.java:54): loading file list...
 INFO [main] 2021-02-25 10:37:37,290 (SagaShell.java:75): 0 files have been loaded
 INFO [main] 2021-02-25 10:37:37,290 (SagaShell.java:82): loading state...
 INFO [main] 2021-02-25 10:37:37,310 (Tokenizer.java:69): ==========================================
 INFO [main] 2021-02-25 10:37:37,310 (Tokenizer.java:70):                  tokenize                 
 INFO [main] 2021-02-25 10:37:37,311 (Tokenizer.java:71): ==========================================
 INFO [main] 2021-02-25 10:37:37,317 (Tokenizer.java:157): tokenIndexList: [-2147483647]
 INFO [main] 2021-02-25 10:37:37,318 (Tokenizer.java:159): total token num is: 0
 INFO [main] 2021-02-25 10:37:37,318 (Tokenizer.java:160): total measure num is: 0
 INFO [main] 2021-02-25 10:37:37,319 (Tokenizer.java:161): total line is: 0
 INFO [main] 2021-02-25 10:37:37,330 (SuffixArrayBuilder.java:23): ==========================================
 INFO [main] 2021-02-25 10:37:37,330 (SuffixArrayBuilder.java:24):                   build                   
 INFO [main] 2021-02-25 10:37:37,330 (SuffixArrayBuilder.java:25): ==========================================
 INFO [main] 2021-02-25 10:37:37,346 (CPUSnippetParser.java:36): ==========================================
 INFO [main] 2021-02-25 10:37:37,346 (CPUSnippetParser.java:37):                   parse                   
 INFO [main] 2021-02-25 10:37:37,347 (CPUSnippetParser.java:38): ==========================================
 INFO [main] 2021-02-25 10:37:37,351 (CPUSnippetParser.java:61): result group: 0
 INFO [main] 2021-02-25 10:37:37,352 (SagaShell.java:189): total time cost: 0h 0m 0s
 INFO [main] 2021-02-25 10:37:49,697 (SagaShell.java:119): process argument 'dataset=C:\Users\86189\Desktop\clone\IssueTracker-Master\clone-service\src\main\java\cn\edu\fudan\cloneservice'
 INFO [main] 2021-02-25 10:37:49,753 (SagaShell.java:119): process argument 'language=java'
 INFO [main] 2021-02-25 10:37:49,754 (SagaShell.java:119): process argument 'extensions=java'
 INFO [main] 2021-02-25 10:37:49,754 (SagaShell.java:119): process argument 'granularity=snippet'
 INFO [main] 2021-02-25 10:37:49,758 (SagaShell.java:119): process argument 'exe=executable/executable_cpu_win10_snippet.exe'
 INFO [main] 2021-02-25 10:37:49,759 (SagaShell.java:119): process argument 'threshold=0.7'
 INFO [main] 2021-02-25 10:37:53,552 (SagaShell.java:54): loading file list...
 INFO [main] 2021-02-25 10:37:53,559 (SagaShell.java:75): 0 files have been loaded
 INFO [main] 2021-02-25 10:37:54,008 (SagaShell.java:82): loading state...
 INFO [main] 2021-02-25 10:39:35,860 (Tokenizer.java:69): ==========================================
 INFO [main] 2021-02-25 10:39:35,860 (Tokenizer.java:70):                  tokenize                 
 INFO [main] 2021-02-25 10:39:35,860 (Tokenizer.java:71): ==========================================
 INFO [main] 2021-02-25 10:39:35,866 (Tokenizer.java:157): tokenIndexList: [-2147483647]
 INFO [main] 2021-02-25 10:39:35,866 (Tokenizer.java:159): total token num is: 0
 INFO [main] 2021-02-25 10:39:35,866 (Tokenizer.java:160): total measure num is: 0
 INFO [main] 2021-02-25 10:39:35,866 (Tokenizer.java:161): total line is: 0
 INFO [main] 2021-02-25 10:39:35,871 (SuffixArrayBuilder.java:23): ==========================================
 INFO [main] 2021-02-25 10:39:35,872 (SuffixArrayBuilder.java:24):                   build                   
 INFO [main] 2021-02-25 10:39:35,872 (SuffixArrayBuilder.java:25): ==========================================
 INFO [main] 2021-02-25 10:39:35,884 (CPUSnippetParser.java:36): ==========================================
 INFO [main] 2021-02-25 10:39:35,884 (CPUSnippetParser.java:37):                   parse                   
 INFO [main] 2021-02-25 10:39:35,884 (CPUSnippetParser.java:38): ==========================================
 INFO [main] 2021-02-25 10:39:35,887 (CPUSnippetParser.java:61): result group: 0
 INFO [main] 2021-02-25 10:39:35,887 (SagaShell.java:189): total time cost: 0h 1m 44s
 INFO [main] 2021-02-25 10:39:45,665 (SagaShell.java:119): process argument 'dataset=C:\Users\86189\Desktop\jira'
 INFO [main] 2021-02-25 10:39:45,726 (SagaShell.java:119): process argument 'language=java'
 INFO [main] 2021-02-25 10:39:45,728 (SagaShell.java:119): process argument 'extensions=java'
 INFO [main] 2021-02-25 10:39:45,728 (SagaShell.java:119): process argument 'granularity=snippet'
 INFO [main] 2021-02-25 10:39:45,733 (SagaShell.java:119): process argument 'exe=executable/executable_cpu_win10_snippet.exe'
 INFO [main] 2021-02-25 10:39:45,734 (SagaShell.java:119): process argument 'threshold=0.7'
 INFO [main] 2021-02-25 10:39:47,264 (SagaShell.java:54): loading file list...
 INFO [main] 2021-02-25 10:39:47,270 (SagaShell.java:75): 0 files have been loaded
 INFO [main] 2021-02-25 10:39:49,024 (SagaShell.java:82): loading state...
 INFO [main] 2021-02-25 10:39:51,585 (Tokenizer.java:69): ==========================================
 INFO [main] 2021-02-25 10:39:51,585 (Tokenizer.java:70):                  tokenize                 
 INFO [main] 2021-02-25 10:39:51,586 (Tokenizer.java:71): ==========================================
 INFO [main] 2021-02-25 10:39:51,598 (Tokenizer.java:157): tokenIndexList: [-2147483647]
 INFO [main] 2021-02-25 10:39:51,600 (Tokenizer.java:159): total token num is: 0
 INFO [main] 2021-02-25 10:39:51,600 (Tokenizer.java:160): total measure num is: 0
 INFO [main] 2021-02-25 10:39:51,600 (Tokenizer.java:161): total line is: 0
 INFO [main] 2021-02-25 10:41:10,479 (SuffixArrayBuilder.java:23): ==========================================
 INFO [main] 2021-02-25 10:41:10,479 (SuffixArrayBuilder.java:24):                   build                   
 INFO [main] 2021-02-25 10:41:10,479 (SuffixArrayBuilder.java:25): ==========================================
 INFO [main] 2021-02-25 10:41:10,495 (CPUSnippetParser.java:36): ==========================================
 INFO [main] 2021-02-25 10:41:10,495 (CPUSnippetParser.java:37):                   parse                   
 INFO [main] 2021-02-25 10:41:10,495 (CPUSnippetParser.java:38): ==========================================
 INFO [main] 2021-02-25 10:41:10,498 (CPUSnippetParser.java:61): result group: 0
 INFO [main] 2021-02-25 10:41:10,499 (SagaShell.java:189): total time cost: 0h 1m 24s
 INFO [main] 2021-02-25 10:41:20,896 (SagaShell.java:119): process argument 'dataset=C:/Users/86189/Desktop/jira'
 INFO [main] 2021-02-25 10:41:20,947 (SagaShell.java:119): process argument 'language=java'
 INFO [main] 2021-02-25 10:41:20,948 (SagaShell.java:119): process argument 'extensions=java'
 INFO [main] 2021-02-25 10:41:20,948 (SagaShell.java:119): process argument 'granularity=snippet'
 INFO [main] 2021-02-25 10:41:20,952 (SagaShell.java:119): process argument 'exe=executable/executable_cpu_win10_snippet.exe'
 INFO [main] 2021-02-25 10:41:20,953 (SagaShell.java:119): process argument 'threshold=0.7'
 INFO [main] 2021-02-25 10:41:20,967 (SagaShell.java:54): loading file list...
 INFO [main] 2021-02-25 10:41:20,972 (SagaShell.java:75): 0 files have been loaded
 INFO [main] 2021-02-25 10:41:20,973 (SagaShell.java:82): loading state...
 INFO [main] 2021-02-25 10:41:20,992 (Tokenizer.java:69): ==========================================
 INFO [main] 2021-02-25 10:41:20,993 (Tokenizer.java:70):                  tokenize                 
 INFO [main] 2021-02-25 10:41:20,993 (Tokenizer.java:71): ==========================================
 INFO [main] 2021-02-25 10:41:21,000 (Tokenizer.java:157): tokenIndexList: [-2147483647]
 INFO [main] 2021-02-25 10:41:21,001 (Tokenizer.java:159): total token num is: 0
 INFO [main] 2021-02-25 10:41:21,001 (Tokenizer.java:160): total measure num is: 0
 INFO [main] 2021-02-25 10:41:21,001 (Tokenizer.java:161): total line is: 0
 INFO [main] 2021-02-25 10:41:21,012 (SuffixArrayBuilder.java:23): ==========================================
 INFO [main] 2021-02-25 10:41:21,013 (SuffixArrayBuilder.java:24):                   build                   
 INFO [main] 2021-02-25 10:41:21,013 (SuffixArrayBuilder.java:25): ==========================================
 INFO [main] 2021-02-25 10:41:21,033 (CPUSnippetParser.java:36): ==========================================
 INFO [main] 2021-02-25 10:41:21,033 (CPUSnippetParser.java:37):                   parse                   
 INFO [main] 2021-02-25 10:41:21,033 (CPUSnippetParser.java:38): ==========================================
 INFO [main] 2021-02-25 10:41:21,038 (CPUSnippetParser.java:61): result group: 0
 INFO [main] 2021-02-25 10:41:21,038 (SagaShell.java:189): total time cost: 0h 0m 0s
 INFO [main] 2021-02-25 10:43:02,700 (SagaShell.java:119): process argument 'dataset=C:/Users/86189/Desktop/jira/code-wisdom-jira'
 INFO [main] 2021-02-25 10:43:02,727 (SagaShell.java:119): process argument 'language=java'
 INFO [main] 2021-02-25 10:43:02,727 (SagaShell.java:119): process argument 'extensions=java'
 INFO [main] 2021-02-25 10:43:02,728 (SagaShell.java:119): process argument 'granularity=snippet'
 INFO [main] 2021-02-25 10:43:02,729 (SagaShell.java:119): process argument 'exe=executable/executable_cpu_win10_snippet.exe'
 INFO [main] 2021-02-25 10:43:02,730 (SagaShell.java:119): process argument 'threshold=0.7'
 INFO [main] 2021-02-25 10:43:02,733 (SagaShell.java:54): loading file list...
 INFO [main] 2021-02-25 10:43:02,736 (SagaShell.java:75): 0 files have been loaded
 INFO [main] 2021-02-25 10:43:02,736 (SagaShell.java:82): loading state...
 INFO [main] 2021-02-25 10:43:02,743 (Tokenizer.java:69): ==========================================
 INFO [main] 2021-02-25 10:43:02,743 (Tokenizer.java:70):                  tokenize                 
 INFO [main] 2021-02-25 10:43:02,744 (Tokenizer.java:71): ==========================================
 INFO [main] 2021-02-25 10:43:02,748 (Tokenizer.java:157): tokenIndexList: [-2147483647]
 INFO [main] 2021-02-25 10:43:02,748 (Tokenizer.java:159): total token num is: 0
 INFO [main] 2021-02-25 10:43:02,748 (Tokenizer.java:160): total measure num is: 0
 INFO [main] 2021-02-25 10:43:02,749 (Tokenizer.java:161): total line is: 0
 INFO [main] 2021-02-25 10:43:02,758 (SuffixArrayBuilder.java:23): ==========================================
 INFO [main] 2021-02-25 10:43:02,758 (SuffixArrayBuilder.java:24):                   build                   
 INFO [main] 2021-02-25 10:43:02,758 (SuffixArrayBuilder.java:25): ==========================================
 INFO [main] 2021-02-25 10:43:02,768 (CPUSnippetParser.java:36): ==========================================
 INFO [main] 2021-02-25 10:43:02,768 (CPUSnippetParser.java:37):                   parse                   
 INFO [main] 2021-02-25 10:43:02,768 (CPUSnippetParser.java:38): ==========================================
 INFO [main] 2021-02-25 10:43:02,771 (CPUSnippetParser.java:61): result group: 0
 INFO [main] 2021-02-25 10:43:02,772 (SagaShell.java:189): total time cost: 0h 0m 0s
 INFO [main] 2021-02-25 10:51:34,518 (SagaShell.java:119): process argument 'dataset=C:/Users/86189/Desktop/jira/code-wisdom-jira'
 INFO [main] 2021-02-25 10:51:34,550 (SagaShell.java:119): process argument 'language=java'
 INFO [main] 2021-02-25 10:51:34,550 (SagaShell.java:119): process argument 'extensions=java'
 INFO [main] 2021-02-25 10:51:34,550 (SagaShell.java:119): process argument 'granularity=snippet'
 INFO [main] 2021-02-25 10:51:34,554 (SagaShell.java:119): process argument 'exe=clone-service/executable/executable_cpu_win10_snippet.exe'
 INFO [main] 2021-02-25 10:51:34,555 (SagaShell.java:119): process argument 'threshold=0.7'
 INFO [main] 2021-02-25 10:51:34,562 (SagaShell.java:54): loading file list...
 INFO [main] 2021-02-25 10:51:34,565 (SagaShell.java:75): 0 files have been loaded
 INFO [main] 2021-02-25 10:51:34,565 (SagaShell.java:82): loading state...
 INFO [main] 2021-02-25 10:51:34,572 (Tokenizer.java:69): ==========================================
 INFO [main] 2021-02-25 10:51:34,572 (Tokenizer.java:70):                  tokenize                 
 INFO [main] 2021-02-25 10:51:34,572 (Tokenizer.java:71): ==========================================
 INFO [main] 2021-02-25 10:51:34,576 (Tokenizer.java:157): tokenIndexList: [-2147483647]
 INFO [main] 2021-02-25 10:51:34,576 (Tokenizer.java:159): total token num is: 0
 INFO [main] 2021-02-25 10:51:34,576 (Tokenizer.java:160): total measure num is: 0
 INFO [main] 2021-02-25 10:51:34,577 (Tokenizer.java:161): total line is: 0
 INFO [main] 2021-02-25 10:51:34,586 (SuffixArrayBuilder.java:23): ==========================================
 INFO [main] 2021-02-25 10:51:34,586 (SuffixArrayBuilder.java:24):                   build                   
 INFO [main] 2021-02-25 10:51:34,586 (SuffixArrayBuilder.java:25): ==========================================
 INFO [main] 2021-02-25 10:51:34,598 (CPUSnippetParser.java:36): ==========================================
 INFO [main] 2021-02-25 10:51:34,598 (CPUSnippetParser.java:37):                   parse                   
 INFO [main] 2021-02-25 10:51:34,598 (CPUSnippetParser.java:38): ==========================================
 INFO [main] 2021-02-25 10:51:34,602 (CPUSnippetParser.java:61): result group: 0
 INFO [main] 2021-02-25 10:51:34,603 (SagaShell.java:189): total time cost: 0h 0m 0s
 INFO [main] 2021-02-25 10:53:40,501 (SagaShell.java:119): process argument 'dataset=C:\Users\86189\Desktop\jira\code-wisdom-jira\src\main\java\cn\edu\fudan\codewisdom\jira'
 INFO [main] 2021-02-25 10:53:40,529 (SagaShell.java:119): process argument 'language=java'
 INFO [main] 2021-02-25 10:53:40,530 (SagaShell.java:119): process argument 'extensions=java'
 INFO [main] 2021-02-25 10:53:40,530 (SagaShell.java:119): process argument 'granularity=snippet'
 INFO [main] 2021-02-25 10:53:40,532 (SagaShell.java:119): process argument 'exe=executable/executable_cpu_win10_snippet.exe'
 INFO [main] 2021-02-25 10:53:40,532 (SagaShell.java:119): process argument 'threshold=0.7'
 INFO [main] 2021-02-25 10:53:40,536 (SagaShell.java:54): loading file list...
 INFO [main] 2021-02-25 10:53:40,539 (SagaShell.java:75): 0 files have been loaded
 INFO [main] 2021-02-25 10:53:40,539 (SagaShell.java:82): loading state...
 INFO [main] 2021-02-25 10:53:40,548 (Tokenizer.java:69): ==========================================
 INFO [main] 2021-02-25 10:53:40,549 (Tokenizer.java:70):                  tokenize                 
 INFO [main] 2021-02-25 10:53:40,549 (Tokenizer.java:71): ==========================================
 INFO [main] 2021-02-25 10:53:40,553 (Tokenizer.java:157): tokenIndexList: [-2147483647]
 INFO [main] 2021-02-25 10:53:40,553 (Tokenizer.java:159): total token num is: 0
 INFO [main] 2021-02-25 10:53:40,553 (Tokenizer.java:160): total measure num is: 0
 INFO [main] 2021-02-25 10:53:40,554 (Tokenizer.java:161): total line is: 0
 INFO [main] 2021-02-25 10:53:40,563 (SuffixArrayBuilder.java:23): ==========================================
 INFO [main] 2021-02-25 10:53:40,564 (SuffixArrayBuilder.java:24):                   build                   
 INFO [main] 2021-02-25 10:53:40,564 (SuffixArrayBuilder.java:25): ==========================================
 INFO [main] 2021-02-25 10:53:40,573 (CPUSnippetParser.java:36): ==========================================
 INFO [main] 2021-02-25 10:53:40,574 (CPUSnippetParser.java:37):                   parse                   
 INFO [main] 2021-02-25 10:53:40,574 (CPUSnippetParser.java:38): ==========================================
 INFO [main] 2021-02-25 10:53:40,578 (CPUSnippetParser.java:61): result group: 0
 INFO [main] 2021-02-25 10:53:40,579 (SagaShell.java:189): total time cost: 0h 0m 0s
 INFO [main] 2021-02-25 10:53:54,742 (SagaShell.java:119): process argument 'dataset=C:\Users\86189\Desktop\jira\code-wisdom-jira\src\main\java\cn\edu\fudan\codewisdom'
 INFO [main] 2021-02-25 10:53:54,767 (SagaShell.java:119): process argument 'language=java'
 INFO [main] 2021-02-25 10:53:54,767 (SagaShell.java:119): process argument 'extensions=java'
 INFO [main] 2021-02-25 10:53:54,767 (SagaShell.java:119): process argument 'granularity=snippet'
 INFO [main] 2021-02-25 10:53:54,769 (SagaShell.java:119): process argument 'exe=executable/executable_cpu_win10_snippet.exe'
 INFO [main] 2021-02-25 10:53:54,769 (SagaShell.java:119): process argument 'threshold=0.7'
 INFO [main] 2021-02-25 10:53:54,773 (SagaShell.java:54): loading file list...
 INFO [main] 2021-02-25 10:53:54,776 (SagaShell.java:75): 0 files have been loaded
 INFO [main] 2021-02-25 10:53:54,776 (SagaShell.java:82): loading state...
 INFO [main] 2021-02-25 10:53:54,785 (Tokenizer.java:69): ==========================================
 INFO [main] 2021-02-25 10:53:54,785 (Tokenizer.java:70):                  tokenize                 
 INFO [main] 2021-02-25 10:53:54,785 (Tokenizer.java:71): ==========================================
 INFO [main] 2021-02-25 10:53:54,789 (Tokenizer.java:157): tokenIndexList: [-2147483647]
 INFO [main] 2021-02-25 10:53:54,789 (Tokenizer.java:159): total token num is: 0
 INFO [main] 2021-02-25 10:53:54,790 (Tokenizer.java:160): total measure num is: 0
 INFO [main] 2021-02-25 10:53:54,790 (Tokenizer.java:161): total line is: 0
 INFO [main] 2021-02-25 10:53:54,800 (SuffixArrayBuilder.java:23): ==========================================
 INFO [main] 2021-02-25 10:53:54,800 (SuffixArrayBuilder.java:24):                   build                   
 INFO [main] 2021-02-25 10:53:54,800 (SuffixArrayBuilder.java:25): ==========================================
 INFO [main] 2021-02-25 10:53:54,808 (CPUSnippetParser.java:36): ==========================================
 INFO [main] 2021-02-25 10:53:54,809 (CPUSnippetParser.java:37):                   parse                   
 INFO [main] 2021-02-25 10:53:54,809 (CPUSnippetParser.java:38): ==========================================
 INFO [main] 2021-02-25 10:53:54,812 (CPUSnippetParser.java:61): result group: 0
 INFO [main] 2021-02-25 10:53:54,813 (SagaShell.java:189): total time cost: 0h 0m 0s
 INFO [main] 2021-02-25 14:14:49,530 (SagaShell.java:119): process argument 'dataset=C:/Users/86189/Desktop/jira/code-wisdom-jira'
 INFO [main] 2021-02-25 14:14:49,576 (SagaShell.java:119): process argument 'language=java'
 INFO [main] 2021-02-25 14:14:49,576 (SagaShell.java:119): process argument 'extensions=java'
 INFO [main] 2021-02-25 14:14:49,577 (SagaShell.java:119): process argument 'granularity=snippet'
 INFO [main] 2021-02-25 14:14:49,581 (SagaShell.java:119): process argument 'exe=executable/executable_cpu_win10_snippet.exe'
 INFO [main] 2021-02-25 14:14:49,581 (SagaShell.java:119): process argument 'threshold=0.7'
 INFO [main] 2021-02-25 14:14:49,592 (SagaShell.java:54): loading file list...
 INFO [main] 2021-02-25 14:14:49,597 (SagaShell.java:75): 0 files have been loaded
 INFO [main] 2021-02-25 14:14:49,597 (SagaShell.java:82): loading state...
 INFO [main] 2021-02-25 14:14:49,615 (Tokenizer.java:69): ==========================================
 INFO [main] 2021-02-25 14:14:49,615 (Tokenizer.java:70):                  tokenize                 
 INFO [main] 2021-02-25 14:14:49,620 (Tokenizer.java:71): ==========================================
 INFO [main] 2021-02-25 14:14:49,625 (Tokenizer.java:157): tokenIndexList: [-2147483647]
 INFO [main] 2021-02-25 14:14:49,626 (Tokenizer.java:159): total token num is: 0
 INFO [main] 2021-02-25 14:14:49,626 (Tokenizer.java:160): total measure num is: 0
 INFO [main] 2021-02-25 14:14:49,627 (Tokenizer.java:161): total line is: 0
 INFO [main] 2021-02-25 14:14:49,646 (SuffixArrayBuilder.java:23): ==========================================
 INFO [main] 2021-02-25 14:14:49,647 (SuffixArrayBuilder.java:24):                   build                   
 INFO [main] 2021-02-25 14:14:49,647 (SuffixArrayBuilder.java:25): ==========================================
 INFO [main] 2021-02-25 14:14:49,665 (CPUSnippetParser.java:36): ==========================================
 INFO [main] 2021-02-25 14:14:49,665 (CPUSnippetParser.java:37):                   parse                   
 INFO [main] 2021-02-25 14:14:49,665 (CPUSnippetParser.java:38): ==========================================
 INFO [main] 2021-02-25 14:14:49,670 (CPUSnippetParser.java:61): result group: 0
 INFO [main] 2021-02-25 14:14:49,670 (SagaShell.java:189): total time cost: 0h 0m 0s
 INFO [main] 2021-02-25 14:16:51,284 (SagaShell.java:119): process argument 'dataset=C:/Users/86189/Desktop/jira/code-wisdom-jira'
 INFO [main] 2021-02-25 14:16:51,325 (SagaShell.java:119): process argument 'language=java'
 INFO [main] 2021-02-25 14:16:51,325 (SagaShell.java:119): process argument 'extensions=java'
 INFO [main] 2021-02-25 14:16:51,326 (SagaShell.java:119): process argument 'granularity=snippet'
 INFO [main] 2021-02-25 14:16:51,328 (SagaShell.java:119): process argument 'exe=executable/executable_cpu_win10_snippet.exe'
 INFO [main] 2021-02-25 14:16:51,328 (SagaShell.java:119): process argument 'threshold=0.7'
 INFO [main] 2021-02-25 14:16:51,334 (SagaShell.java:54): loading file list...
 INFO [main] 2021-02-25 14:16:51,336 (SagaShell.java:75): 0 files have been loaded
 INFO [main] 2021-02-25 14:16:51,336 (SagaShell.java:82): loading state...
 INFO [main] 2021-02-25 14:16:51,346 (Tokenizer.java:69): ==========================================
 INFO [main] 2021-02-25 14:16:51,347 (Tokenizer.java:70):                  tokenize                 
 INFO [main] 2021-02-25 14:16:51,347 (Tokenizer.java:71): ==========================================
 INFO [main] 2021-02-25 14:16:51,352 (Tokenizer.java:157): tokenIndexList: [-2147483647]
 INFO [main] 2021-02-25 14:16:51,354 (Tokenizer.java:159): total token num is: 0
 INFO [main] 2021-02-25 14:16:51,354 (Tokenizer.java:160): total measure num is: 0
 INFO [main] 2021-02-25 14:16:51,354 (Tokenizer.java:161): total line is: 0
 INFO [main] 2021-02-25 14:16:51,368 (SuffixArrayBuilder.java:23): ==========================================
 INFO [main] 2021-02-25 14:16:51,369 (SuffixArrayBuilder.java:24):                   build                   
 INFO [main] 2021-02-25 14:16:51,369 (SuffixArrayBuilder.java:25): ==========================================
 INFO [main] 2021-02-25 14:16:51,385 (CPUSnippetParser.java:36): ==========================================
 INFO [main] 2021-02-25 14:16:51,385 (CPUSnippetParser.java:37):                   parse                   
 INFO [main] 2021-02-25 14:16:51,385 (CPUSnippetParser.java:38): ==========================================
 INFO [main] 2021-02-25 14:16:51,389 (CPUSnippetParser.java:61): result group: 0
 INFO [main] 2021-02-25 14:16:51,390 (SagaShell.java:189): total time cost: 0h 0m 0s
 INFO [main] 2021-02-25 14:17:23,301 (SagaShell.java:119): process argument 'dataset=C:\Users\86189\Desktop\jira\code-wisdom-jira'
 INFO [main] 2021-02-25 14:17:23,325 (SagaShell.java:119): process argument 'language=java'
 INFO [main] 2021-02-25 14:17:23,325 (SagaShell.java:119): process argument 'extensions=java'
 INFO [main] 2021-02-25 14:17:23,325 (SagaShell.java:119): process argument 'granularity=snippet'
 INFO [main] 2021-02-25 14:17:23,327 (SagaShell.java:119): process argument 'exe=executable/executable_cpu_win10_snippet.exe'
 INFO [main] 2021-02-25 14:17:23,327 (SagaShell.java:119): process argument 'threshold=0.7'
 INFO [main] 2021-02-25 14:17:23,331 (SagaShell.java:54): loading file list...
 INFO [main] 2021-02-25 14:17:23,333 (SagaShell.java:75): 0 files have been loaded
 INFO [main] 2021-02-25 14:17:23,333 (SagaShell.java:82): loading state...
 INFO [main] 2021-02-25 14:17:23,342 (Tokenizer.java:69): ==========================================
 INFO [main] 2021-02-25 14:17:23,342 (Tokenizer.java:70):                  tokenize                 
 INFO [main] 2021-02-25 14:17:23,342 (Tokenizer.java:71): ==========================================
 INFO [main] 2021-02-25 14:17:23,346 (Tokenizer.java:157): tokenIndexList: [-2147483647]
 INFO [main] 2021-02-25 14:17:23,346 (Tokenizer.java:159): total token num is: 0
 INFO [main] 2021-02-25 14:17:23,347 (Tokenizer.java:160): total measure num is: 0
 INFO [main] 2021-02-25 14:17:23,347 (Tokenizer.java:161): total line is: 0
 INFO [main] 2021-02-25 14:17:23,358 (SuffixArrayBuilder.java:23): ==========================================
 INFO [main] 2021-02-25 14:17:23,358 (SuffixArrayBuilder.java:24):                   build                   
 INFO [main] 2021-02-25 14:17:23,358 (SuffixArrayBuilder.java:25): ==========================================
 INFO [main] 2021-02-25 14:17:23,367 (CPUSnippetParser.java:36): ==========================================
 INFO [main] 2021-02-25 14:17:23,367 (CPUSnippetParser.java:37):                   parse                   
 INFO [main] 2021-02-25 14:17:23,367 (CPUSnippetParser.java:38): ==========================================
 INFO [main] 2021-02-25 14:17:23,371 (CPUSnippetParser.java:61): result group: 0
 INFO [main] 2021-02-25 14:17:23,371 (SagaShell.java:189): total time cost: 0h 0m 0s
 INFO [main] 2021-02-25 14:19:08,921 (SagaShell.java:119): process argument 'dataset=C:\Users\86189\Desktop\jira\code-wisdom-jira'
 INFO [main] 2021-02-25 14:19:08,959 (SagaShell.java:119): process argument 'language=java'
 INFO [main] 2021-02-25 14:19:08,959 (SagaShell.java:119): process argument 'extensions=java'
 INFO [main] 2021-02-25 14:19:08,959 (SagaShell.java:119): process argument 'granularity=snippet'
 INFO [main] 2021-02-25 14:19:08,961 (SagaShell.java:119): process argument 'exe=executable/executable_cpu_win10_snippet.exe'
 INFO [main] 2021-02-25 14:19:08,961 (SagaShell.java:119): process argument 'threshold=0.7'
 INFO [main] 2021-02-25 14:19:08,966 (SagaShell.java:54): loading file list...
 INFO [main] 2021-02-25 14:19:08,969 (SagaShell.java:75): 0 files have been loaded
 INFO [main] 2021-02-25 14:19:08,969 (SagaShell.java:82): loading state...
 INFO [main] 2021-02-25 14:19:08,977 (Tokenizer.java:69): ==========================================
 INFO [main] 2021-02-25 14:19:08,978 (Tokenizer.java:70):                  tokenize                 
 INFO [main] 2021-02-25 14:19:08,978 (Tokenizer.java:71): ==========================================
 INFO [main] 2021-02-25 14:19:08,982 (Tokenizer.java:157): tokenIndexList: [-2147483647]
 INFO [main] 2021-02-25 14:19:08,983 (Tokenizer.java:159): total token num is: 0
 INFO [main] 2021-02-25 14:19:08,983 (Tokenizer.java:160): total measure num is: 0
 INFO [main] 2021-02-25 14:19:08,983 (Tokenizer.java:161): total line is: 0
 INFO [main] 2021-02-25 14:19:08,996 (SuffixArrayBuilder.java:23): ==========================================
 INFO [main] 2021-02-25 14:19:08,996 (SuffixArrayBuilder.java:24):                   build                   
 INFO [main] 2021-02-25 14:19:08,996 (SuffixArrayBuilder.java:25): ==========================================
 INFO [main] 2021-02-25 14:19:09,007 (CPUSnippetParser.java:36): ==========================================
 INFO [main] 2021-02-25 14:19:09,008 (CPUSnippetParser.java:37):                   parse                   
 INFO [main] 2021-02-25 14:19:09,008 (CPUSnippetParser.java:38): ==========================================
 INFO [main] 2021-02-25 14:19:09,011 (CPUSnippetParser.java:61): result group: 0
 INFO [main] 2021-02-25 14:19:09,011 (SagaShell.java:189): total time cost: 0h 0m 0s
 INFO [main] 2021-02-25 14:20:40,483 (SagaShell.java:119): process argument 'dataset=C:\Users\86189\Desktop\jira\code-wisdom-jira'
 INFO [main] 2021-02-25 14:20:40,508 (SagaShell.java:119): process argument 'language=java'
 INFO [main] 2021-02-25 14:20:40,508 (SagaShell.java:119): process argument 'extensions=java'
 INFO [main] 2021-02-25 14:20:40,509 (SagaShell.java:119): process argument 'granularity=snippet'
 INFO [main] 2021-02-25 14:20:40,510 (SagaShell.java:119): process argument 'exe=executable/executable_cpu_win10_snippet.exe'
 INFO [main] 2021-02-25 14:20:40,511 (SagaShell.java:119): process argument 'threshold=0.7'
 INFO [main] 2021-02-25 14:20:40,516 (SagaShell.java:54): loading file list...
 INFO [main] 2021-02-25 14:20:40,518 (SagaShell.java:75): 0 files have been loaded
 INFO [main] 2021-02-25 14:20:40,519 (SagaShell.java:82): loading state...
 INFO [main] 2021-02-25 14:20:40,530 (Tokenizer.java:69): ==========================================
 INFO [main] 2021-02-25 14:20:40,530 (Tokenizer.java:70):                  tokenize                 
 INFO [main] 2021-02-25 14:20:40,530 (Tokenizer.java:71): ==========================================
 INFO [main] 2021-02-25 14:20:40,534 (Tokenizer.java:157): tokenIndexList: [-2147483647]
 INFO [main] 2021-02-25 14:20:40,535 (Tokenizer.java:159): total token num is: 0
 INFO [main] 2021-02-25 14:20:40,535 (Tokenizer.java:160): total measure num is: 0
 INFO [main] 2021-02-25 14:20:40,535 (Tokenizer.java:161): total line is: 0
 INFO [main] 2021-02-25 14:20:40,540 (SuffixArrayBuilder.java:23): ==========================================
 INFO [main] 2021-02-25 14:20:40,540 (SuffixArrayBuilder.java:24):                   build                   
 INFO [main] 2021-02-25 14:20:40,541 (SuffixArrayBuilder.java:25): ==========================================
 INFO [main] 2021-02-25 14:20:40,551 (CPUSnippetParser.java:36): ==========================================
 INFO [main] 2021-02-25 14:20:40,551 (CPUSnippetParser.java:37):                   parse                   
 INFO [main] 2021-02-25 14:20:40,551 (CPUSnippetParser.java:38): ==========================================
 INFO [main] 2021-02-25 14:20:40,554 (CPUSnippetParser.java:61): result group: 0
 INFO [main] 2021-02-25 14:20:40,555 (SagaShell.java:189): total time cost: 0h 0m 0s
 INFO [main] 2021-02-25 14:21:06,379 (SagaShell.java:119): process argument 'dataset=C:\Users\86189\Desktop\jira\code-wisdom-jira'
 INFO [main] 2021-02-25 14:21:06,410 (SagaShell.java:119): process argument 'language=java'
 INFO [main] 2021-02-25 14:21:06,410 (SagaShell.java:119): process argument 'extensions=java'
 INFO [main] 2021-02-25 14:21:06,411 (SagaShell.java:119): process argument 'granularity=snippet'
 INFO [main] 2021-02-25 14:21:06,414 (SagaShell.java:119): process argument 'exe=clone-service/executable/executable_cpu_win10_snippet.exe'
 INFO [main] 2021-02-25 14:21:06,414 (SagaShell.java:119): process argument 'threshold=0.7'
 INFO [main] 2021-02-25 14:21:06,420 (SagaShell.java:54): loading file list...
 INFO [main] 2021-02-25 14:21:06,423 (SagaShell.java:75): 0 files have been loaded
 INFO [main] 2021-02-25 14:21:06,423 (SagaShell.java:82): loading state...
 INFO [main] 2021-02-25 14:21:06,436 (Tokenizer.java:69): ==========================================
 INFO [main] 2021-02-25 14:21:06,436 (Tokenizer.java:70):                  tokenize                 
 INFO [main] 2021-02-25 14:21:06,436 (Tokenizer.java:71): ==========================================
 INFO [main] 2021-02-25 14:21:06,441 (Tokenizer.java:157): tokenIndexList: [-2147483647]
 INFO [main] 2021-02-25 14:21:06,442 (Tokenizer.java:159): total token num is: 0
 INFO [main] 2021-02-25 14:21:06,443 (Tokenizer.java:160): total measure num is: 0
 INFO [main] 2021-02-25 14:21:06,443 (Tokenizer.java:161): total line is: 0
 INFO [main] 2021-02-25 14:21:06,467 (SuffixArrayBuilder.java:23): ==========================================
 INFO [main] 2021-02-25 14:21:06,467 (SuffixArrayBuilder.java:24):                   build                   
 INFO [main] 2021-02-25 14:21:06,467 (SuffixArrayBuilder.java:25): ==========================================
 INFO [main] 2021-02-25 14:21:06,480 (CPUSnippetParser.java:36): ==========================================
 INFO [main] 2021-02-25 14:21:06,480 (CPUSnippetParser.java:37):                   parse                   
 INFO [main] 2021-02-25 14:21:06,480 (CPUSnippetParser.java:38): ==========================================
 INFO [main] 2021-02-25 14:21:06,484 (CPUSnippetParser.java:61): result group: 0
 INFO [main] 2021-02-25 14:21:06,484 (SagaShell.java:189): total time cost: 0h 0m 0s
 INFO [main] 2021-02-25 14:38:31,536 (SagaShell.java:119): process argument 'dataset=C:\Users\86189\Desktop\jira\code-wisdom-jira'
 INFO [main] 2021-02-25 14:38:31,571 (SagaShell.java:119): process argument 'language=java'
 INFO [main] 2021-02-25 14:38:31,572 (SagaShell.java:119): process argument 'extensions=java'
 INFO [main] 2021-02-25 14:38:31,572 (SagaShell.java:119): process argument 'granularity=snippet'
 INFO [main] 2021-02-25 14:38:31,577 (SagaShell.java:119): process argument 'exe=executable/executable_cpu_win10_snippet.exe'
 INFO [main] 2021-02-25 14:38:31,577 (SagaShell.java:119): process argument 'threshold=0.7'
 INFO [main] 2021-02-25 14:38:31,587 (SagaShell.java:54): loading file list...
 INFO [main] 2021-02-25 14:38:31,589 (SagaShell.java:75): 0 files have been loaded
 INFO [main] 2021-02-25 14:38:31,590 (SagaShell.java:82): loading state...
 INFO [main] 2021-02-25 14:38:31,600 (Tokenizer.java:69): ==========================================
 INFO [main] 2021-02-25 14:38:31,600 (Tokenizer.java:70):                  tokenize                 
 INFO [main] 2021-02-25 14:38:31,600 (Tokenizer.java:71): ==========================================
 INFO [main] 2021-02-25 14:38:31,604 (Tokenizer.java:157): tokenIndexList: [-2147483647]
 INFO [main] 2021-02-25 14:38:31,605 (Tokenizer.java:159): total token num is: 0
 INFO [main] 2021-02-25 14:38:31,605 (Tokenizer.java:160): total measure num is: 0
 INFO [main] 2021-02-25 14:38:31,605 (Tokenizer.java:161): total line is: 0
 INFO [main] 2021-02-25 14:38:31,621 (SuffixArrayBuilder.java:23): ==========================================
 INFO [main] 2021-02-25 14:38:31,622 (SuffixArrayBuilder.java:24):                   build                   
 INFO [main] 2021-02-25 14:38:31,622 (SuffixArrayBuilder.java:25): ==========================================
 INFO [main] 2021-02-25 14:38:31,635 (CPUSnippetParser.java:36): ==========================================
 INFO [main] 2021-02-25 14:38:31,636 (CPUSnippetParser.java:37):                   parse                   
 INFO [main] 2021-02-25 14:38:31,636 (CPUSnippetParser.java:38): ==========================================
 INFO [main] 2021-02-25 14:38:31,639 (CPUSnippetParser.java:61): result group: 0
 INFO [main] 2021-02-25 14:38:31,640 (SagaShell.java:189): total time cost: 0h 0m 0s
 INFO [main] 2021-02-25 14:40:35,950 (SagaShell.java:119): process argument 'dataset=C:\Users\86189\Desktop\jira\code-wisdom-jira'
 INFO [main] 2021-02-25 14:40:35,991 (SagaShell.java:119): process argument 'language=java'
 INFO [main] 2021-02-25 14:40:35,992 (SagaShell.java:119): process argument 'extensions=java'
 INFO [main] 2021-02-25 14:40:35,992 (SagaShell.java:119): process argument 'granularity=snippet'
 INFO [main] 2021-02-25 14:40:35,997 (SagaShell.java:119): process argument 'exe=executable/executable_cpu_win10_snippet.exe'
 INFO [main] 2021-02-25 14:40:35,997 (SagaShell.java:119): process argument 'threshold=0.7'
 INFO [main] 2021-02-25 14:40:36,006 (SagaShell.java:54): loading file list...
 INFO [main] 2021-02-25 14:40:36,010 (SagaShell.java:75): 0 files have been loaded
 INFO [main] 2021-02-25 14:40:36,010 (SagaShell.java:82): loading state...
 INFO [main] 2021-02-25 14:40:36,030 (Tokenizer.java:69): ==========================================
 INFO [main] 2021-02-25 14:40:36,031 (Tokenizer.java:70):                  tokenize                 
 INFO [main] 2021-02-25 14:40:36,031 (Tokenizer.java:71): ==========================================
 INFO [main] 2021-02-25 14:40:36,038 (Tokenizer.java:157): tokenIndexList: [-2147483647]
 INFO [main] 2021-02-25 14:40:36,038 (Tokenizer.java:159): total token num is: 0
 INFO [main] 2021-02-25 14:40:36,039 (Tokenizer.java:160): total measure num is: 0
 INFO [main] 2021-02-25 14:40:36,039 (Tokenizer.java:161): total line is: 0
 INFO [main] 2021-02-25 14:40:36,053 (SuffixArrayBuilder.java:23): ==========================================
 INFO [main] 2021-02-25 14:40:36,054 (SuffixArrayBuilder.java:24):                   build                   
 INFO [main] 2021-02-25 14:40:36,054 (SuffixArrayBuilder.java:25): ==========================================
 INFO [main] 2021-02-25 14:40:36,070 (CPUSnippetParser.java:36): ==========================================
 INFO [main] 2021-02-25 14:40:36,070 (CPUSnippetParser.java:37):                   parse                   
 INFO [main] 2021-02-25 14:40:36,070 (CPUSnippetParser.java:38): ==========================================
 INFO [main] 2021-02-25 14:40:36,075 (CPUSnippetParser.java:61): result group: 0
 INFO [main] 2021-02-25 14:40:36,076 (SagaShell.java:189): total time cost: 0h 0m 0s
